#
# There is insufficient memory for the Java Runtime Environment to continue.
# Native memory allocation (malloc) failed to allocate 1791168 bytes. Error detail: Chunk::new
# Possible reasons:
#   The system is out of physical RAM or swap space
#   This process is running with CompressedOops enabled, and the Java Heap may be blocking the growth of the native heap
# Possible solutions:
#   Reduce memory load on the system
#   Increase physical memory or swap space
#   Check if swap backing store is full
#   Decrease Java heap size (-Xmx/-Xms)
#   Decrease number of Java threads
#   Decrease Java thread stack sizes (-Xss)
#   Set larger code cache with -XX:ReservedCodeCacheSize=
#   JVM is running with Unscaled Compressed Oops mode in which the Java heap is
#     placed in the first 4GB address space. The Java Heap base address is the
#     maximum limit for the native heap growth. Please use -XX:HeapBaseMinAddress
#     to set the Java Heap base and to place the Java Heap above 4GB virtual address.
# This output file may be truncated or incomplete.
#
#  Out of Memory Error (arena.cpp:168), pid=27384, tid=21788
#
# JRE version: OpenJDK Runtime Environment Temurin-21.0.7+6 (21.0.7+6) (build 21.0.7+6-LTS)
# Java VM: OpenJDK 64-Bit Server VM Temurin-21.0.7+6 (21.0.7+6-LTS, mixed mode, sharing, tiered, compressed oops, compressed class ptrs, parallel gc, windows-amd64)
# No core dump will be written. Minidumps are not enabled by default on client versions of Windows
#

---------------  S U M M A R Y ------------

Command Line: --add-modules=ALL-SYSTEM --add-opens=java.base/java.util=ALL-UNNAMED --add-opens=java.base/java.lang=ALL-UNNAMED --add-opens=java.base/sun.nio.fs=ALL-UNNAMED -Declipse.application=org.eclipse.jdt.ls.core.id1 -Dosgi.bundles.defaultStartLevel=4 -Declipse.product=org.eclipse.jdt.ls.core.product -Djava.import.generatesMetadataFilesAtProjectRoot=false -DDetectVMInstallationsJob.disabled=true -Dfile.encoding=utf8 -XX:+UseParallelGC -XX:GCTimeRatio=4 -XX:AdaptiveSizePolicyWeight=90 -Dsun.zip.disableMemoryMapping=true -Xmx1G -Xms100m -Xlog:disable -javaagent:c:\Users\laurent\.vscode\extensions\redhat.java-1.42.0-win32-x64\lombok\lombok-1.18.36.jar c:\Users\laurent\.vscode\extensions\redhat.java-1.42.0-win32-x64\server\plugins\org.eclipse.equinox.launcher_1.7.0.v20250424-1814.jar -configuration c:\Users\laurent\AppData\Roaming\Code\User\globalStorage\redhat.java\1.42.0\config_ss_win -data c:\Users\laurent\AppData\Roaming\Code\User\workspaceStorage\cb327218b10693f552c9df9e44091d5f\redhat.java\ss_ws --pipe=\\.\pipe\lsp-f64472ab816b55da1c800cb543537fc8-sock

Host: AMD Ryzen 5 3500U with Radeon Vega Mobile Gfx  , 8 cores, 5G,  Windows 11 , 64 bit Build 26100 (10.0.26100.4202)
Time: Tue Jun 17 17:33:06 2025 Paris, Madrid (heure duild 26100 (10.0.26100.4202) elapsed time: 6.740910 seconds (0d 0h 0m 6s)

---------------  T H R E A D  ---------------

Current thread (0x000002c82bfad040):  JavaThread "C2 CompilerThread0" daemon [_thread_in_native, id=21788, stack(0x000000f563000000,0x000000f563100000) (1024K)]


Current CompileTask:
C2:6741 3019       4       java.lang.invoke.MethodType::makeImpl (109 bytes)

Stack: [0x000000f563000000,0x000000f563100000]
Native frames: (J=compiled Java code, j=interpreted, Vv=VM code, C=native code)
V  [jvm.dll+0x6ce119]
V  [jvm.dll+0x8a84a1]
V  [jvm.dll+0x8aa9ce]
V  [jvm.dll+0x8ab0b3]
V  [jvm.dll+0x27f8a6]
V  [jvm.dll+0xc507d]
V  [jvm.dll+0xc55b3]
V  [jvm.dll+0x3b692c]
V  [jvm.dll+0x382aa5]
V  [jvm.dll+0x381f0a]
V  [jvm.dll+0x247af0]
V  [jvm.dll+0x2470cf]
V  [jvm.dll+0x1c760e]
V  [jvm.dll+0x25695a]
V  [jvm.dll+0x254efa]
V  [jvm.dll+0x3f03f6]
V  [jvm.dll+0x851f6b]
V  [jvm.dll+0x6cc7dd]
C  [ucrtbase.dll+0x37b0]
C  [KERNEL32.DLL+0x2e8d7]
C  [ntdll.dll+0x3c34c]


---------------  P R O C E S S  ---------------

Threads class SMR info:
_java_thread_list=0x000002c873861d30, length=31, elements={
0x000002c817bebd70, 0x000002c82bf987b0, 0x000002c817c9cea0, 0x000002c82bf9f930,
0x000002c82bfa0380, 0x000002c82bfa3050, 0x000002c82bfa4240, 0x000002c82bfad040,
0x000002c82bfaeb90, 0x000002c86ea40d70, 0x000002c86ec1c0c0, 0x000002c8734ee9c0,
0x000002c8734e7e50, 0x000002c8735dbd90, 0x000002c8735dc3f0, 0x000002c8732fe560,
0x000002c8732ff5e0, 0x000002c8730fae60, 0x000002c86ecb39c0, 0x000002c8738dae00,
0x000002c8738ddbf0, 0x000002c8738dc840, 0x000002c8738da770, 0x000002c8738db490,
0x000002c8738dbb20, 0x000002c8738dc1b0, 0x000002c8738dced0, 0x000002c8738dd560,
0x000002c8741ef540, 0x000002c8741ee190, 0x000002c8744f0860
}

Java Threads: ( => current thread )
  0x000002c817bebd70 JavaThread "main"                              [_thread_blocked, id=26376, stack(0x000000f562600000,0x000000f562700000) (1024K)]
  0x000002c82bf987b0 JavaThread "Reference Handler"          daemon [_thread_blocked, id=26672, stack(0x000000f562a00000,0x000000f562b00000) (1024K)]
  0x000002c817c9cea0 JavaThread "Finalizer"                  daemon [_thread_blocked, id=18968, stack(0x000000f562b00000,0x000000f562c00000) (1024K)]
  0x000002c82bf9f930 JavaThread "Signal Dispatcher"          daemon [_thread_blocked, id=24476, stack(0x000000f562c00000,0x000000f562d00000) (1024K)]
  0x000002c82bfa0380 JavaThread "Attach Listener"            daemon [_thread_blocked, id=16844, stack(0x000000f562d00000,0x000000f562e00000) (1024K)]
  0x000002c82bfa3050 JavaThread "Service Thread"             daemon [_thread_blocked, id=4448, stack(0x000000f562e00000,0x000000f562f00000) (1024K)]
  0x000002c82bfa4240 JavaThread "Monitor Deflation Thread"   daemon [_thread_blocked, id=152, stack(0x000000f562f00000,0x000000f563000000) (1024K)]
=>0x000002c82bfad040 JavaThread "C2 CompilerThread0"         daemon [_thread_in_native, id=21788, stack(0x000000f563000000,0x000000f563100000) (1024K)]
  0x000002c82bfaeb90 JavaThread "C1 CompilerThread0"         daemon [_thread_blocked, id=15908, stack(0x000000f563100000,0x000000f563200000) (1024K)]
  0x000002c86ea40d70 JavaThread "Common-Cleaner"             daemon [_thread_blocked, id=18064, stack(0x000000f563200000,0x000000f563300000) (1024K)]
  0x000002c86ec1c0c0 JavaThread "Notification Thread"        daemon [_thread_blocked, id=8268, stack(0x000000f563400000,0x000000f563500000) (1024K)]
  0x000002c8734ee9c0 JavaThread "Equinox resolver thread - Equinox Container: 304b3c9c-5577-4697-a4bc-a88cd12911c1" daemon [_thread_blocked, id=19020, stack(0x000000f563b00000,0x000000f563c00000) (1024K)]
  0x000002c8734e7e50 JavaThread "Equinox resolver thread - Equinox Container: 304b3c9c-5577-4697-a4bc-a88cd12911c1" daemon [_thread_blocked, id=25876, stack(0x000000f563c00000,0x000000f563d00000) (1024K)]
  0x000002c8735dbd90 JavaThread "Equinox resolver thread - Equinox Container: 304b3c9c-5577-4697-a4bc-a88cd12911c1" daemon [_thread_blocked, id=20744, stack(0x000000f563d00000,0x000000f563e00000) (1024K)]
  0x000002c8735dc3f0 JavaThread "Equinox resolver thread - Equinox Container: 304b3c9c-5577-4697-a4bc-a88cd12911c1" daemon [_thread_blocked, id=20264, stack(0x000000f563e00000,0x000000f563f00000) (1024K)]
  0x000002c8732fe560 JavaThread "Equinox resolver thread - Equinox Container: 304b3c9c-5577-4697-a4bc-a88cd12911c1" daemon [_thread_blocked, id=25720, stack(0x000000f563f00000,0x000000f564000000) (1024K)]
  0x000002c8732ff5e0 JavaThread "Equinox resolver thread - Equinox Container: 304b3c9c-5577-4697-a4bc-a88cd12911c1" daemon [_thread_blocked, id=21712, stack(0x000000f564000000,0x000000f564100000) (1024K)]
  0x000002c8730fae60 JavaThread "Active Thread: Equinox Container: 304b3c9c-5577-4697-a4bc-a88cd12911c1"        [_thread_blocked, id=24668, stack(0x000000f564100000,0x000000f564200000) (1024K)]
  0x000002c86ecb39c0 JavaThread "Framework Event Dispatcher: Equinox Container: 304b3c9c-5577-4697-a4bc-a88cd12911c1" daemon [_thread_blocked, id=13588, stack(0x000000f564200000,0x000000f564300000) (1024K)]
  0x000002c8738dae00 JavaThread "Start Level: Equinox Container: 304b3c9c-5577-4697-a4bc-a88cd12911c1" daemon [_thread_in_Java, id=12492, stack(0x000000f564300000,0x000000f564400000) (1024K)]
  0x000002c8738ddbf0 JavaThread "Refresh Thread: Equinox Container: 304b3c9c-5577-4697-a4bc-a88cd12911c1" daemon [_thread_blocked, id=19440, stack(0x000000f564500000,0x000000f564600000) (1024K)]
  0x000002c8738dc840 JavaThread "Equinox resolver thread - Equinox Container: 304b3c9c-5577-4697-a4bc-a88cd12911c1" daemon [_thread_blocked, id=14852, stack(0x000000f564600000,0x000000f564700000) (1024K)]
  0x000002c8738da770 JavaThread "Equinox resolver thread - Equinox Container: 304b3c9c-5577-4697-a4bc-a88cd12911c1" daemon [_thread_blocked, id=16544, stack(0x000000f564700000,0x000000f564800000) (1024K)]
  0x000002c8738db490 JavaThread "SCR Component Actor"        daemon [_thread_blocked, id=26656, stack(0x000000f564800000,0x000000f564900000) (1024K)]
  0x000002c8738dbb20 JavaThread "SCR Component Registry"     daemon [_thread_blocked, id=6180, stack(0x000000f563300000,0x000000f563400000) (1024K)]
  0x000002c8738dc1b0 JavaThread "Worker-JM"                         [_thread_blocked, id=24452, stack(0x000000f564a00000,0x000000f564b00000) (1024K)]
  0x000002c8738dced0 JavaThread "JNA Cleaner"                daemon [_thread_blocked, id=21728, stack(0x000000f564b00000,0x000000f564c00000) (1024K)]
  0x000002c8738dd560 JavaThread "Worker-0: Building"                [_thread_blocked, id=26936, stack(0x000000f564c00000,0x000000f564d00000) (1024K)]
  0x000002c8741ef540 JavaThread "Worker-1"                          [_thread_blocked, id=26676, stack(0x000000f564d00000,0x000000f564e00000) (1024K)]
  0x000002c8741ee190 JavaThread "Worker-2"                          [_thread_blocked, id=27036, stack(0x000000f564900000,0x000000f564a00000) (1024K)]
  0x000002c8744f0860 JavaThread "C2 CompilerThread1"         daemon [_thread_in_native, id=24800, stack(0x000000f564e00000,0x000000f564f00000) (1024K)]
Total: 31

Other Threads:
  0x000002c82bf92d60 VMThread "VM Thread"                           [id=18396, stack(0x000000f562900000,0x000000f562a00000) (1024K)]
  0x000002c82beaca00 WatcherThread "VM Periodic Task Thread"        [id=5456, stack(0x000000f562800000,0x000000f562900000) (1024K)]
  0x000002c817c031d0 WorkerThread "GC Thread#0"                     [id=27344, stack(0x000000f562700000,0x000000f562800000) (1024K)]
  0x000002c873408510 WorkerThread "GC Thread#1"                     [id=17124, stack(0x000000f563500000,0x000000f563600000) (1024K)]
  0x000002c8738400f0 WorkerThread "GC Thread#2"                     [id=364, stack(0x000000f563600000,0x000000f563700000) (1024K)]
  0x000002c873852750 WorkerThread "GC Thread#3"                     [id=15340, stack(0x000000f563700000,0x000000f563800000) (1024K)]
  0x000002c873852af0 WorkerThread "GC Thread#4"                     [id=20360, stack(0x000000f563800000,0x000000f563900000) (1024K)]
  0x000002c873852e90 WorkerThread "GC Thread#5"                     [id=8928, stack(0x000000f563900000,0x000000f563a00000) (1024K)]
  0x000002c873853230 WorkerThread "GC Thread#6"                     [id=25048, stack(0x000000f563a00000,0x000000f563b00000) (1024K)]
  0x000002c87396ff90 WorkerThread "GC Thread#7"                     [id=21624, stack(0x000000f564400000,0x000000f564500000) (1024K)]
Total: 10

Threads with active compile tasks:
C2 CompilerThread0  6791 3019       4       java.lang.invoke.MethodType::makeImpl (109 bytes)
C2 CompilerThread1  6791 3039       4       java.util.ArrayList$SubList$1::next (85 bytes)
Total: 2

VM state: not at safepoint (normal execution)

VM Mutex/Monitor currently owned by a thread: None

Heap address: 0x00000000c0000000, size: 1024 MB, Compressed Oops mode: 32-bit

CDS archive(s) mapped at: [0x000002c82c000000-0x000002c82cba0000-0x000002c82cba0000), size 12189696, SharedBaseAddress: 0x000002c82c000000, ArchiveRelocationMode: 1.
Compressed class space mapped at: 0x000002c82d000000-0x000002c86d000000, reserved size: 1073741824
Narrow klass base: 0x000002c82c000000, Narrow klass shift: 0, Narrow klass range: 0x100000000

GC Precious Log:
 CardTable entry size: 512
 CPUs: 8 total, 8 available
 Memory: 6090M
 Large Page Support: Disabled
 NUMA Support: Disabled
 Compressed Oops: Enabled (32-bit)
 Alignments: Space 512K, Generation 512K, Heap 2M
 Heap Min Capacity: 100M
 Heap Initial Capacity: 100M
 Heap Max Capacity: 1G
 Pre-touch: Disabled
 Parallel Workers: 8

Heap:
 PSYoungGen      total 29184K, used 21357K [0x00000000eab00000, 0x00000000ecf80000, 0x0000000100000000)
  eden space 25088K, 68% used [0x00000000eab00000,0x00000000ebbe12c8,0x00000000ec380000)
  from space 4096K, 99% used [0x00000000ec400000,0x00000000ec7fa348,0x00000000ec800000)
  to   space 6144K, 0% used [0x00000000ec980000,0x00000000ec980000,0x00000000ecf80000)
 ParOldGen       total 68608K, used 6458K [0x00000000c0000000, 0x00000000c4300000, 0x00000000eab00000)
  object space 68608K, 9% used [0x00000000c0000000,0x00000000c064ead0,0x00000000c4300000)
 Metaspace       used 19238K, committed 19904K, reserved 1114112K
  class space    used 1883K, committed 2176K, reserved 1048576K

Card table byte_map: [0x000002c817580000,0x000002c817790000] _byte_map_base: 0x000002c816f80000

Marking Bits: (ParMarkBitMap*) 0x00007ffaa86d31f0
 Begin Bits: [0x000002c829dd0000, 0x000002c82add0000)
 End Bits:   [0x000002c82add0000, 0x000002c82bdd0000)

Polling page: 0x000002c815850000

Metaspace:

Usage:
  Non-class:     16.95 MB used.
      Class:      1.84 MB used.
       Both:     18.79 MB used.

Virtual space:
  Non-class space:       64.00 MB reserved,      17.31 MB ( 27%) committed,  1 nodes.
      Class space:        1.00 GB reserved,       2.12 MB ( <1%) committed,  1 nodes.
             Both:        1.06 GB reserved,      19.44 MB (  2%) committed. 

Chunk freelists:
   Non-Class:  14.36 MB
       Class:  13.81 MB
        Both:  28.17 MB

MaxMetaspaceSize: unlimited
CompressedClassSpaceSize: 1.00 GB
Initial GC threshold: 21.00 MB
Current GC threshold: 21.00 MB
CDS: on
 - commit_granule_bytes: 65536.
 - commit_granule_words: 8192.
 - virtual_space_node_default_size: 8388608.
 - enlarge_chunks_in_place: 1.
 - use_allocation_guard: 0.


Internal statistics:

num_allocs_failed_limit: 0.
num_arena_births: 496.
num_arena_deaths: 0.
num_vsnodes_births: 2.
num_vsnodes_deaths: 0.
num_space_committed: 311.
num_space_uncommitted: 0.
num_chunks_returned_to_freelist: 0.
num_chunks_taken_from_freelist: 1166.
num_chunk_merges: 0.
num_chunk_splits: 782.
num_chunks_enlarged: 515.
num_inconsistent_stats: 0.

CodeHeap 'non-profiled nmethods': size=120000Kb used=1299Kb max_used=1299Kb free=118700Kb
 bounds [0x000002c8228a0000, 0x000002c822b10000, 0x000002c829dd0000]
CodeHeap 'profiled nmethods': size=120000Kb used=6451Kb max_used=6451Kb free=113548Kb
 bounds [0x000002c81add0000, 0x000002c81b420000, 0x000002c822300000]
CodeHeap 'non-nmethods': size=5760Kb used=1276Kb max_used=1297Kb free=4484Kb
 bounds [0x000002c822300000, 0x000002c822570000, 0x000002c8228a0000]
 total_blobs=3738 nmethods=3187 adapters=457
 compilation: enabled
              stopped_count=0, restarted_count=0
 full_count=0

Compilation events (20 events):
Event: 5.677 Thread 0x000002c82bfaeb90 3187       3       org.lombokweb.asm.Label::accept (69 bytes)
Event: 5.678 Thread 0x000002c82bfaeb90 nmethod 3187 0x000002c81b417e90 code [0x000002c81b418080, 0x000002c81b4185b8]
Event: 5.678 Thread 0x000002c82bfaeb90 3185       3       org.lombokweb.asm.SymbolTable::hash (7 bytes)
Event: 5.678 Thread 0x000002c82bfaeb90 nmethod 3185 0x000002c81b418790 code [0x000002c81b418920, 0x000002c81b418a18]
Event: 5.696 Thread 0x000002c82bfaeb90 3188       3       java.util.ArrayDeque::circularClear (43 bytes)
Event: 5.697 Thread 0x000002c82bfaeb90 nmethod 3188 0x000002c81b418a90 code [0x000002c81b418c60, 0x000002c81b419060]
Event: 5.721 Thread 0x000002c82bfaeb90 3189       1       org.eclipse.osgi.internal.loader.sources.PackageSource::getId (5 bytes)
Event: 5.721 Thread 0x000002c82bfaeb90 nmethod 3189 0x000002c8229dfa10 code [0x000002c8229dfba0, 0x000002c8229dfc68]
Event: 5.730 Thread 0x000002c82bfaeb90 3190       3       org.lombokweb.asm.SymbolTable::addConstantIntegerOrFloat (21 bytes)
Event: 5.730 Thread 0x000002c82bfaeb90 nmethod 3190 0x000002c81b419210 code [0x000002c81b4193e0, 0x000002c81b419648]
Event: 5.731 Thread 0x000002c82bfaeb90 3192       2       org.lombokweb.asm.SymbolTable::addConstant (314 bytes)
Event: 5.733 Thread 0x000002c82bfaeb90 nmethod 3192 0x000002c81b419790 code [0x000002c81b419b80, 0x000002c81b41acc0]
Event: 5.733 Thread 0x000002c82bfaeb90 3195       2       org.lombokweb.asm.ByteVector::putInt (74 bytes)
Event: 5.734 Thread 0x000002c82bfaeb90 nmethod 3195 0x000002c81b41b510 code [0x000002c81b41b6c0, 0x000002c81b41b8d0]
Event: 5.734 Thread 0x000002c82bfaeb90 3193       1       lombok.patcher.scripts.AddFieldScript::access$0 (5 bytes)
Event: 5.734 Thread 0x000002c82bfaeb90 nmethod 3193 0x000002c8229dfd10 code [0x000002c8229dfea0, 0x000002c8229dff50]
Event: 5.734 Thread 0x000002c82bfaeb90 3194       2       org.lombokweb.asm.SymbolTable::addConstantInteger (7 bytes)
Event: 5.734 Thread 0x000002c82bfaeb90 nmethod 3194 0x000002c81b41ba90 code [0x000002c81b41bc40, 0x000002c81b41bd68]
Event: 5.743 Thread 0x000002c82bfaeb90 3196       2       jdk.internal.misc.Unsafe::weakCompareAndSetReference (11 bytes)
Event: 5.744 Thread 0x000002c82bfaeb90 nmethod 3196 0x000002c81b41be10 code [0x000002c81b41bfa0, 0x000002c81b41c0d8]

GC Heap History (10 events):
Event: 1.442 GC heap before
{Heap before GC invocations=1 (full 0):
 PSYoungGen      total 29696K, used 25600K [0x00000000eab00000, 0x00000000ecc00000, 0x0000000100000000)
  eden space 25600K, 100% used [0x00000000eab00000,0x00000000ec400000,0x00000000ec400000)
  from space 4096K, 0% used [0x00000000ec800000,0x00000000ec800000,0x00000000ecc00000)
  to   space 4096K, 0% used [0x00000000ec400000,0x00000000ec400000,0x00000000ec800000)
 ParOldGen       total 68608K, used 0K [0x00000000c0000000, 0x00000000c4300000, 0x00000000eab00000)
  object space 68608K, 0% used [0x00000000c0000000,0x00000000c0000000,0x00000000c4300000)
 Metaspace       used 4311K, committed 4544K, reserved 1114112K
  class space    used 461K, committed 576K, reserved 1048576K
}
Event: 1.452 GC heap after
{Heap after GC invocations=1 (full 0):
 PSYoungGen      total 29696K, used 3270K [0x00000000eab00000, 0x00000000ecc00000, 0x0000000100000000)
  eden space 25600K, 0% used [0x00000000eab00000,0x00000000eab00000,0x00000000ec400000)
  from space 4096K, 79% used [0x00000000ec400000,0x00000000ec731870,0x00000000ec800000)
  to   space 4096K, 0% used [0x00000000ec800000,0x00000000ec800000,0x00000000ecc00000)
 ParOldGen       total 68608K, used 16K [0x00000000c0000000, 0x00000000c4300000, 0x00000000eab00000)
  object space 68608K, 0% used [0x00000000c0000000,0x00000000c0004000,0x00000000c4300000)
 Metaspace       used 4311K, committed 4544K, reserved 1114112K
  class space    used 461K, committed 576K, reserved 1048576K
}
Event: 2.296 GC heap before
{Heap before GC invocations=2 (full 0):
 PSYoungGen      total 29696K, used 28870K [0x00000000eab00000, 0x00000000ecc00000, 0x0000000100000000)
  eden space 25600K, 100% used [0x00000000eab00000,0x00000000ec400000,0x00000000ec400000)
  from space 4096K, 79% used [0x00000000ec400000,0x00000000ec731870,0x00000000ec800000)
  to   space 4096K, 0% used [0x00000000ec800000,0x00000000ec800000,0x00000000ecc00000)
 ParOldGen       total 68608K, used 16K [0x00000000c0000000, 0x00000000c4300000, 0x00000000eab00000)
  object space 68608K, 0% used [0x00000000c0000000,0x00000000c0004000,0x00000000c4300000)
 Metaspace       used 8166K, committed 8448K, reserved 1114112K
  class space    used 842K, committed 960K, reserved 1048576K
}
Event: 2.303 GC heap after
{Heap after GC invocations=2 (full 0):
 PSYoungGen      total 29696K, used 4067K [0x00000000eab00000, 0x00000000ecc00000, 0x0000000100000000)
  eden space 25600K, 0% used [0x00000000eab00000,0x00000000eab00000,0x00000000ec400000)
  from space 4096K, 99% used [0x00000000ec800000,0x00000000ecbf8f30,0x00000000ecc00000)
  to   space 4096K, 0% used [0x00000000ec400000,0x00000000ec400000,0x00000000ec800000)
 ParOldGen       total 68608K, used 625K [0x00000000c0000000, 0x00000000c4300000, 0x00000000eab00000)
  object space 68608K, 0% used [0x00000000c0000000,0x00000000c009c6a8,0x00000000c4300000)
 Metaspace       used 8166K, committed 8448K, reserved 1114112K
  class space    used 842K, committed 960K, reserved 1048576K
}
Event: 2.882 GC heap before
{Heap before GC invocations=3 (full 0):
 PSYoungGen      total 29696K, used 29667K [0x00000000eab00000, 0x00000000ecc00000, 0x0000000100000000)
  eden space 25600K, 100% used [0x00000000eab00000,0x00000000ec400000,0x00000000ec400000)
  from space 4096K, 99% used [0x00000000ec800000,0x00000000ecbf8f30,0x00000000ecc00000)
  to   space 4096K, 0% used [0x00000000ec400000,0x00000000ec400000,0x00000000ec800000)
 ParOldGen       total 68608K, used 625K [0x00000000c0000000, 0x00000000c4300000, 0x00000000eab00000)
  object space 68608K, 0% used [0x00000000c0000000,0x00000000c009c6a8,0x00000000c4300000)
 Metaspace       used 9303K, committed 9664K, reserved 1114112K
  class space    used 955K, committed 1088K, reserved 1048576K
}
Event: 2.889 GC heap after
{Heap after GC invocations=3 (full 0):
 PSYoungGen      total 29696K, used 4065K [0x00000000eab00000, 0x00000000ecc00000, 0x0000000100000000)
  eden space 25600K, 0% used [0x00000000eab00000,0x00000000eab00000,0x00000000ec400000)
  from space 4096K, 99% used [0x00000000ec400000,0x00000000ec7f8788,0x00000000ec800000)
  to   space 4096K, 0% used [0x00000000ec800000,0x00000000ec800000,0x00000000ecc00000)
 ParOldGen       total 68608K, used 3078K [0x00000000c0000000, 0x00000000c4300000, 0x00000000eab00000)
  object space 68608K, 4% used [0x00000000c0000000,0x00000000c0301808,0x00000000c4300000)
 Metaspace       used 9303K, committed 9664K, reserved 1114112K
  class space    used 955K, committed 1088K, reserved 1048576K
}
Event: 3.635 GC heap before
{Heap before GC invocations=4 (full 0):
 PSYoungGen      total 29696K, used 29665K [0x00000000eab00000, 0x00000000ecc00000, 0x0000000100000000)
  eden space 25600K, 100% used [0x00000000eab00000,0x00000000ec400000,0x00000000ec400000)
  from space 4096K, 99% used [0x00000000ec400000,0x00000000ec7f8788,0x00000000ec800000)
  to   space 4096K, 0% used [0x00000000ec800000,0x00000000ec800000,0x00000000ecc00000)
 ParOldGen       total 68608K, used 3078K [0x00000000c0000000, 0x00000000c4300000, 0x00000000eab00000)
  object space 68608K, 4% used [0x00000000c0000000,0x00000000c0301808,0x00000000c4300000)
 Metaspace       used 13739K, committed 14272K, reserved 1114112K
  class space    used 1388K, committed 1664K, reserved 1048576K
}
Event: 3.640 GC heap after
{Heap after GC invocations=4 (full 0):
 PSYoungGen      total 29696K, used 4071K [0x00000000eab00000, 0x00000000ecc00000, 0x0000000100000000)
  eden space 25600K, 0% used [0x00000000eab00000,0x00000000eab00000,0x00000000ec400000)
  from space 4096K, 99% used [0x00000000ec800000,0x00000000ecbf9c18,0x00000000ecc00000)
  to   space 4096K, 0% used [0x00000000ec400000,0x00000000ec400000,0x00000000ec800000)
 ParOldGen       total 68608K, used 4901K [0x00000000c0000000, 0x00000000c4300000, 0x00000000eab00000)
  object space 68608K, 7% used [0x00000000c0000000,0x00000000c04c9488,0x00000000c4300000)
 Metaspace       used 13739K, committed 14272K, reserved 1114112K
  class space    used 1388K, committed 1664K, reserved 1048576K
}
Event: 5.580 GC heap before
{Heap before GC invocations=5 (full 0):
 PSYoungGen      total 29696K, used 29605K [0x00000000eab00000, 0x00000000ecc00000, 0x0000000100000000)
  eden space 25600K, 99% used [0x00000000eab00000,0x00000000ec3ef820,0x00000000ec400000)
  from space 4096K, 99% used [0x00000000ec800000,0x00000000ecbf9c18,0x00000000ecc00000)
  to   space 4096K, 0% used [0x00000000ec400000,0x00000000ec400000,0x00000000ec800000)
 ParOldGen       total 68608K, used 4901K [0x00000000c0000000, 0x00000000c4300000, 0x00000000eab00000)
  object space 68608K, 7% used [0x00000000c0000000,0x00000000c04c9488,0x00000000c4300000)
 Metaspace       used 17793K, committed 18496K, reserved 1114112K
  class space    used 1799K, committed 2112K, reserved 1048576K
}
Event: 5.586 GC heap after
{Heap after GC invocations=5 (full 0):
 PSYoungGen      total 29184K, used 4072K [0x00000000eab00000, 0x00000000ecf80000, 0x0000000100000000)
  eden space 25088K, 0% used [0x00000000eab00000,0x00000000eab00000,0x00000000ec380000)
  from space 4096K, 99% used [0x00000000ec400000,0x00000000ec7fa348,0x00000000ec800000)
  to   space 6144K, 0% used [0x00000000ec980000,0x00000000ec980000,0x00000000ecf80000)
 ParOldGen       total 68608K, used 6458K [0x00000000c0000000, 0x00000000c4300000, 0x00000000eab00000)
  object space 68608K, 9% used [0x00000000c0000000,0x00000000c064ead0,0x00000000c4300000)
 Metaspace       used 17793K, committed 18496K, reserved 1114112K
  class space    used 1799K, committed 2112K, reserved 1048576K
}

Dll operation events (10 events):
Event: 0.039 Loaded shared library c:\Users\laurent\.vscode\extensions\redhat.java-1.42.0-win32-x64\jre\21.0.7-win32-x86_64\bin\java.dll
Event: 0.199 Loaded shared library c:\Users\laurent\.vscode\extensions\redhat.java-1.42.0-win32-x64\jre\21.0.7-win32-x86_64\bin\zip.dll
Event: 0.256 Loaded shared library C:\Users\laurent\.vscode\extensions\redhat.java-1.42.0-win32-x64\jre\21.0.7-win32-x86_64\bin\instrument.dll
Event: 0.269 Loaded shared library C:\Users\laurent\.vscode\extensions\redhat.java-1.42.0-win32-x64\jre\21.0.7-win32-x86_64\bin\net.dll
Event: 0.276 Loaded shared library C:\Users\laurent\.vscode\extensions\redhat.java-1.42.0-win32-x64\jre\21.0.7-win32-x86_64\bin\nio.dll
Event: 0.281 Loaded shared library C:\Users\laurent\.vscode\extensions\redhat.java-1.42.0-win32-x64\jre\21.0.7-win32-x86_64\bin\zip.dll
Event: 0.316 Loaded shared library C:\Users\laurent\.vscode\extensions\redhat.java-1.42.0-win32-x64\jre\21.0.7-win32-x86_64\bin\jimage.dll
Event: 0.499 Loaded shared library c:\Users\laurent\.vscode\extensions\redhat.java-1.42.0-win32-x64\jre\21.0.7-win32-x86_64\bin\verify.dll
Event: 2.586 Loaded shared library C:\Users\laurent\AppData\Roaming\Code\User\globalStorage\redhat.java\1.42.0\config_ss_win\org.eclipse.equinox.launcher\org.eclipse.equinox.launcher.win32.win32.x86_64_1.2.1300.v20250331-1702\eclipse_11911.dll
Event: 4.288 Loaded shared library C:\Users\laurent\AppData\Local\Temp\jna--45273895\jna1569128635310856021.dll

Deoptimization events (20 events):
Event: 4.526 Thread 0x000002c8738dae00 Uncommon trap: trap_request=0xffffffde fr.pc=0x000002c8229c3694 relative=0x00000000000003b4
Event: 4.526 Thread 0x000002c8738dae00 Uncommon trap: reason=class_check action=maybe_recompile pc=0x000002c8229c3694 method=java.util.regex.Pattern$BmpCharPropertyGreedy.match(Ljava/util/regex/Matcher;ILjava/lang/CharSequence;)Z @ 70 c2
Event: 4.526 Thread 0x000002c8738dae00 DEOPT PACKING pc=0x000002c8229c3694 sp=0x000000f5643ef1f0
Event: 4.526 Thread 0x000002c8738dae00 DEOPT UNPACKING pc=0x000002c822353aa2 sp=0x000000f5643ef198 mode 2
Event: 4.526 Thread 0x000002c8738dae00 Uncommon trap: trap_request=0xffffffde fr.pc=0x000002c8229c3694 relative=0x00000000000003b4
Event: 4.526 Thread 0x000002c8738dae00 Uncommon trap: reason=class_check action=maybe_recompile pc=0x000002c8229c3694 method=java.util.regex.Pattern$BmpCharPropertyGreedy.match(Ljava/util/regex/Matcher;ILjava/lang/CharSequence;)Z @ 70 c2
Event: 4.526 Thread 0x000002c8738dae00 DEOPT PACKING pc=0x000002c8229c3694 sp=0x000000f5643ef040
Event: 4.526 Thread 0x000002c8738dae00 DEOPT UNPACKING pc=0x000002c822353aa2 sp=0x000000f5643eefe8 mode 2
Event: 4.526 Thread 0x000002c8738dae00 Uncommon trap: trap_request=0xffffffde fr.pc=0x000002c8229cad28 relative=0x0000000000000608
Event: 4.526 Thread 0x000002c8738dae00 Uncommon trap: reason=class_check action=maybe_recompile pc=0x000002c8229cad28 method=java.util.regex.Matcher.search(I)Z @ 121 c2
Event: 4.526 Thread 0x000002c8738dae00 DEOPT PACKING pc=0x000002c8229cad28 sp=0x000000f5643ef5a0
Event: 4.526 Thread 0x000002c8738dae00 DEOPT UNPACKING pc=0x000002c822353aa2 sp=0x000000f5643ef560 mode 2
Event: 4.526 Thread 0x000002c8738dae00 Uncommon trap: trap_request=0xffffffde fr.pc=0x000002c8229cad28 relative=0x0000000000000608
Event: 4.526 Thread 0x000002c8738dae00 Uncommon trap: reason=class_check action=maybe_recompile pc=0x000002c8229cad28 method=java.util.regex.Matcher.search(I)Z @ 121 c2
Event: 4.526 Thread 0x000002c8738dae00 DEOPT PACKING pc=0x000002c8229cad28 sp=0x000000f5643ef590
Event: 4.526 Thread 0x000002c8738dae00 DEOPT UNPACKING pc=0x000002c822353aa2 sp=0x000000f5643ef550 mode 2
Event: 4.526 Thread 0x000002c8738dae00 Uncommon trap: trap_request=0xffffffde fr.pc=0x000002c8229cad28 relative=0x0000000000000608
Event: 4.526 Thread 0x000002c8738dae00 Uncommon trap: reason=class_check action=maybe_recompile pc=0x000002c8229cad28 method=java.util.regex.Matcher.search(I)Z @ 121 c2
Event: 4.526 Thread 0x000002c8738dae00 DEOPT PACKING pc=0x000002c8229cad28 sp=0x000000f5643ef590
Event: 4.526 Thread 0x000002c8738dae00 DEOPT UNPACKING pc=0x000002c822353aa2 sp=0x000000f5643ef550 mode 2

Classes loaded (20 events):
Event: 5.568 Loading class java/net/ProtocolException
Event: 5.568 Loading class java/net/ProtocolException done
Event: 5.576 Loading class java/util/AbstractList$RandomAccessSubList
Event: 5.576 Loading class java/util/AbstractList$SubList
Event: 5.576 Loading class java/util/AbstractList$SubList done
Event: 5.577 Loading class java/util/AbstractList$RandomAccessSubList done
Event: 5.577 Loading class java/util/AbstractList$SubList$1
Event: 5.577 Loading class java/util/AbstractList$SubList$1 done
Event: 5.577 Loading class java/util/AbstractList$ListItr
Event: 5.577 Loading class java/util/AbstractList$ListItr done
Event: 5.598 Loading class java/util/ImmutableCollections$SubList
Event: 5.599 Loading class java/util/ImmutableCollections$SubList done
Event: 5.603 Loading class java/lang/ThreadLocal$SuppliedThreadLocal
Event: 5.603 Loading class java/lang/ThreadLocal$SuppliedThreadLocal done
Event: 5.616 Loading class java/io/FileWriter
Event: 5.617 Loading class java/io/FileWriter done
Event: 5.618 Loading class java/util/ArrayDeque$DeqSpliterator
Event: 5.618 Loading class java/util/ArrayDeque$DeqSpliterator done
Event: 5.688 Loading class java/lang/NegativeArraySizeException
Event: 5.689 Loading class java/lang/NegativeArraySizeException done

Classes unloaded (0 events):
No events

Classes redefined (0 events):
No events

Internal exceptions (20 events):
Event: 4.318 Thread 0x000002c8738dae00 Exception <a 'java/lang/NoSuchMethodError'{0x00000000eba8bdc0}: 'void java.lang.invoke.DelegatingMethodHandle$Holder.reinvoke_L(java.lang.Object, java.lang.Object, int)'> (0x00000000eba8bdc0) 
thrown [s\src\hotspot\share\interpreter\linkResolver.cpp, line 773]
Event: 4.319 Thread 0x000002c8738dae00 Exception <a 'java/lang/NoSuchMethodError'{0x00000000eba92aa8}: 'int java.lang.invoke.Invokers$Holder.invokeExact_MT(java.lang.Object, java.lang.Object, java.lang.Object)'> (0x00000000eba92aa8) 
thrown [s\src\hotspot\share\interpreter\linkResolver.cpp, line 773]
Event: 4.342 Thread 0x000002c8738dae00 Exception <a 'java/lang/NoSuchMethodError'{0x00000000ebb91870}: 'void java.lang.invoke.Invokers$Holder.invokeExact_MT(java.lang.Object, java.lang.Object, int, java.lang.Object)'> (0x00000000ebb91870) 
thrown [s\src\hotspot\share\interpreter\linkResolver.cpp, line 773]
Event: 4.388 Thread 0x000002c8738dae00 Exception <a 'java/lang/NoSuchMethodError'{0x00000000ebc8f960}: 'java.lang.Object java.lang.invoke.DirectMethodHandle$Holder.invokeSpecial(java.lang.Object, java.lang.Object, java.lang.Object, long, java.lang.Object)'> (0x00000000ebc8f960) 
thrown [s\src\hotspot\share\interpreter\linkResolver.cpp, line 773]
Event: 4.389 Thread 0x000002c8738dae00 Exception <a 'java/lang/NoSuchMethodError'{0x00000000ebc970f0}: 'java.lang.Object java.lang.invoke.DirectMethodHandle$Holder.newInvokeSpecial(java.lang.Object, java.lang.Object, java.lang.Object, long)'> (0x00000000ebc970f0) 
thrown [s\src\hotspot\share\interpreter\linkResolver.cpp, line 773]
Event: 4.389 Thread 0x000002c8738dae00 Exception <a 'java/lang/NoSuchMethodError'{0x00000000ebc9b380}: 'java.lang.Object java.lang.invoke.Invokers$Holder.linkToTargetMethod(java.lang.Object, java.lang.Object, long, java.lang.Object)'> (0x00000000ebc9b380) 
thrown [s\src\hotspot\share\interpreter\linkResolver.cpp, line 773]
Event: 4.400 Thread 0x000002c8738dae00 Exception <a 'java/lang/NoSuchMethodError'{0x00000000ebd02248}: 'int java.lang.invoke.DirectMethodHandle$Holder.invokeStaticInit(java.lang.Object, java.lang.Object, java.lang.Object)'> (0x00000000ebd02248) 
thrown [s\src\hotspot\share\interpreter\linkResolver.cpp, line 773]
Event: 4.415 Thread 0x000002c8738dae00 Exception <a 'java/lang/IncompatibleClassChangeError'{0x00000000ebd89308}: Found class java.lang.Object, but interface was expected> (0x00000000ebd89308) 
thrown [s\src\hotspot\share\interpreter\linkResolver.cpp, line 840]
Event: 4.423 Thread 0x000002c8738dae00 Exception <a 'java/lang/NoSuchMethodError'{0x00000000ebd9c1f0}: 'java.lang.Object java.lang.invoke.DirectMethodHandle$Holder.invokeSpecial(java.lang.Object, java.lang.Object, java.lang.Object, int, java.lang.Object, java.lang.Object)'> (0x00000000ebd9c1f0) 
thrown [s\src\hotspot\share\interpreter\linkResolver.cpp, line 773]
Event: 4.424 Thread 0x000002c8738dae00 Exception <a 'java/lang/NoSuchMethodError'{0x00000000ebda3b00}: 'java.lang.Object java.lang.invoke.DirectMethodHandle$Holder.newInvokeSpecial(java.lang.Object, java.lang.Object, java.lang.Object, int, java.lang.Object)'> (0x00000000ebda3b00) 
thrown [s\src\hotspot\share\interpreter\linkResolver.cpp, line 773]
Event: 4.424 Thread 0x000002c8738dae00 Exception <a 'java/lang/NoSuchMethodError'{0x00000000ebda75f0}: 'java.lang.Object java.lang.invoke.Invokers$Holder.linkToTargetMethod(java.lang.Object, java.lang.Object, int, java.lang.Object, java.lang.Object)'> (0x00000000ebda75f0) 
thrown [s\src\hotspot\share\interpreter\linkResolver.cpp, line 773]
Event: 4.425 Thread 0x000002c8738dd560 Exception <a 'java/lang/NoSuchMethodError'{0x00000000ebcd1410}: 'java.lang.Object java.lang.invoke.DirectMethodHandle$Holder.invokeSpecial(java.lang.Object, java.lang.Object, int, java.lang.Object, java.lang.Object)'> (0x00000000ebcd1410) 
thrown [s\src\hotspot\share\interpreter\linkResolver.cpp, line 773]
Event: 4.426 Thread 0x000002c8738dd560 Exception <a 'java/lang/NoSuchMethodError'{0x00000000ebcd8148}: 'java.lang.Object java.lang.invoke.DirectMethodHandle$Holder.newInvokeSpecial(java.lang.Object, java.lang.Object, int, java.lang.Object)'> (0x00000000ebcd8148) 
thrown [s\src\hotspot\share\interpreter\linkResolver.cpp, line 773]
Event: 4.449 Thread 0x000002c8738dae00 Exception <a 'java/lang/NoSuchMethodError'{0x00000000ebe9fbd8}: 'void java.lang.invoke.DirectMethodHandle$Holder.invokeSpecial(java.lang.Object, java.lang.Object, java.lang.Object, java.lang.Object, java.lang.Object)'> (0x00000000ebe9fbd8) 
thrown [s\src\hotspot\share\interpreter\linkResolver.cpp, line 773]
Event: 4.466 Thread 0x000002c8738dd560 Exception <a 'java/lang/NoSuchMethodError'{0x00000000ebf6b290}: 'java.lang.Object java.lang.invoke.DirectMethodHandle$Holder.newInvokeSpecial(java.lang.Object, java.lang.Object, java.lang.Object, java.lang.Object, java.lang.Object)'> (0x00000000ebf6b290) 
thrown [s\src\hotspot\share\interpreter\linkResolver.cpp, line 773]
Event: 4.504 Thread 0x000002c8738dae00 Exception <a 'java/lang/NoSuchMethodError'{0x00000000ec076cb8}: 'double java.lang.invoke.DirectMethodHandle$Holder.invokeStatic(java.lang.Object, java.lang.Object)'> (0x00000000ec076cb8) 
thrown [s\src\hotspot\share\interpreter\linkResolver.cpp, line 773]
Event: 4.505 Thread 0x000002c8738dae00 Exception <a 'java/lang/NoSuchMethodError'{0x00000000ec07a378}: 'double java.lang.invoke.DirectMethodHandle$Holder.invokeStaticInit(java.lang.Object, java.lang.Object)'> (0x00000000ec07a378) 
thrown [s\src\hotspot\share\interpreter\linkResolver.cpp, line 773]
Event: 5.693 Thread 0x000002c8738dae00 Exception <a 'java/io/FileNotFoundException'{0x00000000eb8c59f8}> (0x00000000eb8c59f8) 
thrown [s\src\hotspot\share\prims\jni.cpp, line 520]
Event: 5.693 Thread 0x000002c8738dae00 Exception <a 'java/io/FileNotFoundException'{0x00000000eb8c6818}> (0x00000000eb8c6818) 
thrown [s\src\hotspot\share\prims\jni.cpp, line 520]
Event: 5.693 Thread 0x000002c8738dae00 Exception <a 'java/io/FileNotFoundException'{0x00000000eb8c7730}> (0x00000000eb8c7730) 
thrown [s\src\hotspot\share\prims\jni.cpp, line 520]

ZGC Phase Switch (0 events):
No events

VM Operations (20 events):
Event: 3.002 Executing VM operation: HandshakeAllThreads (Deoptimize) done
Event: 3.489 Executing VM operation: HandshakeAllThreads (Deoptimize)
Event: 3.489 Executing VM operation: HandshakeAllThreads (Deoptimize) done
Event: 3.635 Executing VM operation: ParallelGCFailedAllocation (Allocation Failure)
Event: 3.640 Executing VM operation: ParallelGCFailedAllocation (Allocation Failure) done
Event: 3.799 Executing VM operation: HandshakeAllThreads (Deoptimize)
Event: 3.799 Executing VM operation: HandshakeAllThreads (Deoptimize) done
Event: 3.807 Executing VM operation: HandshakeAllThreads (Deoptimize)
Event: 3.807 Executing VM operation: HandshakeAllThreads (Deoptimize) done
Event: 3.829 Executing VM operation: HandshakeAllThreads (Deoptimize)
Event: 3.829 Executing VM operation: HandshakeAllThreads (Deoptimize) done
Event: 4.164 Executing VM operation: HandshakeAllThreads (Deoptimize)
Event: 4.165 Executing VM operation: HandshakeAllThreads (Deoptimize) done
Event: 4.298 Executing VM operation: HandshakeAllThreads (Deoptimize)
Event: 4.298 Executing VM operation: HandshakeAllThreads (Deoptimize) done
Event: 5.309 Executing VM operation: Cleanup
Event: 5.309 Executing VM operation: Cleanup done
Event: 5.579 Executing VM operation: ParallelGCFailedAllocation (Allocation Failure)
Event: 5.586 Executing VM operation: ParallelGCFailedAllocation (Allocation Failure) done
Event: 6.593 Executing VM operation: Cleanup

Memory protections (0 events):
No events

Nmethod flushes (0 events):
No events

Events (20 events):
Event: 2.012 Thread 0x000002c817bebd70 Thread added: 0x000002c8732fe560
Event: 2.014 Thread 0x000002c817bebd70 Thread added: 0x000002c8732ff5e0
Event: 2.059 Thread 0x000002c817bebd70 Thread added: 0x000002c8730fae60
Event: 2.141 Thread 0x000002c86eb51090 Thread exited: 0x000002c86eb51090
Event: 2.243 Thread 0x000002c82bfaeb90 Thread added: 0x000002c8735a3070
Event: 2.250 Thread 0x000002c817bebd70 Thread added: 0x000002c86ecb39c0
Event: 2.255 Thread 0x000002c817bebd70 Thread added: 0x000002c8738dae00
Event: 2.568 Thread 0x000002c817bebd70 Thread added: 0x000002c8738ddbf0
Event: 2.638 Thread 0x000002c8738ddbf0 Thread added: 0x000002c8738dc840
Event: 2.638 Thread 0x000002c8738ddbf0 Thread added: 0x000002c8738da770
Event: 2.834 Thread 0x000002c8738dae00 Thread added: 0x000002c8738db490
Event: 2.946 Thread 0x000002c8735a3070 Thread exited: 0x000002c8735a3070
Event: 2.983 Thread 0x000002c8738dae00 Thread added: 0x000002c8738dbb20
Event: 3.186 Thread 0x000002c82bfaeb90 Thread added: 0x000002c873b97c70
Event: 3.545 Thread 0x000002c8738dae00 Thread added: 0x000002c8738dc1b0
Event: 4.327 Thread 0x000002c8738dae00 Thread added: 0x000002c8738dced0
Event: 4.394 Thread 0x000002c8738dae00 Thread added: 0x000002c8738dd560
Event: 4.425 Thread 0x000002c8738dae00 Thread added: 0x000002c8741ef540
Event: 4.429 Thread 0x000002c873b97c70 Thread exited: 0x000002c873b97c70
Event: 5.565 Thread 0x000002c8741ef540 Thread added: 0x000002c8741ee190


Dynamic libraries:
0x00007ff7e0800000 - 0x00007ff7e080e000 	c:\Users\laurent\.vscode\extensions\redhat.java-1.42.0-win32-x64\jre\21.0.7-win32-x86_64\bin\java.exe
0x00007ffaf6d60000 - 0x00007ffaf6fc5000 	C:\WINDOWS\SYSTEM32\ntdll.dll
0x00007ffaf5630000 - 0x00007ffaf56f9000 	C:\WINDOWS\System32\KERNEL32.DLL
0x00007ffaf42e0000 - 0x00007ffaf46c8000 	C:\WINDOWS\System32\KERNELBASE.dll
0x00007ffaf0120000 - 0x00007ffaf01be000 	C:\WINDOWS\SYSTEM32\apphelp.dll
0x00007ffaf40b0000 - 0x00007ffaf41fb000 	C:\WINDOWS\System32\ucrtbase.dll
0x00007ffae1f30000 - 0x00007ffae1f4e000 	c:\Users\laurent\.vscode\extensions\redhat.java-1.42.0-win32-x64\jre\21.0.7-win32-x86_64\bin\VCRUNTIME140.dll
0x00007ffae1f70000 - 0x00007ffae1f88000 	c:\Users\laurent\.vscode\extensions\redhat.java-1.42.0-win32-x64\jre\21.0.7-win32-x86_64\bin\jli.dll
0x00007ffaf5350000 - 0x00007ffaf551a000 	C:\WINDOWS\System32\USER32.dll
0x00007ffaf30b0000 - 0x00007ffaf334a000 	C:\WINDOWS\WinSxS\amd64_microsoft.windows.common-controls_6595b64144ccf1df_6.0.26100.4202_none_3e0698d4e335f517\COMCTL32.dll
0x00007ffaf4200000 - 0x00007ffaf4227000 	C:\WINDOWS\System32\win32u.dll
0x00007ffaf6c70000 - 0x00007ffaf6d19000 	C:\WINDOWS\System32\msvcrt.dll
0x00007ffaf51c0000 - 0x00007ffaf51eb000 	C:\WINDOWS\System32\GDI32.dll
0x00007ffaf3eb0000 - 0x00007ffaf3fe7000 	C:\WINDOWS\System32\gdi32full.dll
0x00007ffaf4230000 - 0x00007ffaf42d3000 	C:\WINDOWS\System32\msvcp_win.dll
0x00007ffaf6760000 - 0x00007ffaf6790000 	C:\WINDOWS\System32\IMM32.DLL
0x00007ffae9910000 - 0x00007ffae991c000 	c:\Users\laurent\.vscode\extensions\redhat.java-1.42.0-win32-x64\jre\21.0.7-win32-x86_64\bin\vcruntime140_1.dll
0x00007ffadb5f0000 - 0x00007ffadb67d000 	c:\Users\laurent\.vscode\extensions\redhat.java-1.42.0-win32-x64\jre\21.0.7-win32-x86_64\bin\msvcp140.dll
0x00007ffaa7a20000 - 0x00007ffaa87b0000 	c:\Users\laurent\.vscode\extensions\redhat.java-1.42.0-win32-x64\jre\21.0.7-win32-x86_64\bin\server\jvm.dll
0x00007ffaf67a0000 - 0x00007ffaf6853000 	C:\WINDOWS\System32\ADVAPI32.dll
0x00007ffaf6510000 - 0x00007ffaf65b6000 	C:\WINDOWS\System32\sechost.dll
0x00007ffaf6880000 - 0x00007ffaf6995000 	C:\WINDOWS\System32\RPCRT4.dll
0x00007ffaf50d0000 - 0x00007ffaf5144000 	C:\WINDOWS\System32\WS2_32.dll
0x00007ffaf3d20000 - 0x00007ffaf3d7e000 	C:\WINDOWS\SYSTEM32\POWRPROF.dll
0x00007ffaec560000 - 0x00007ffaec595000 	C:\WINDOWS\SYSTEM32\WINMM.dll
0x00007ffaec5a0000 - 0x00007ffaec5ab000 	C:\WINDOWS\SYSTEM32\VERSION.dll
0x00007ffaf3ce0000 - 0x00007ffaf3cf4000 	C:\WINDOWS\SYSTEM32\UMPDC.dll
0x00007ffaf23d0000 - 0x00007ffaf23eb000 	C:\WINDOWS\SYSTEM32\kernel.appcore.dll
0x00007ffae83a0000 - 0x00007ffae83aa000 	c:\Users\laurent\.vscode\extensions\redhat.java-1.42.0-win32-x64\jre\21.0.7-win32-x86_64\bin\jimage.dll
0x00007ffaf3680000 - 0x00007ffaf38c1000 	C:\WINDOWS\SYSTEM32\DBGHELP.DLL
0x00007ffaf4b00000 - 0x00007ffaf4e85000 	C:\WINDOWS\System32\combase.dll
0x00007ffaf69b0000 - 0x00007ffaf6a91000 	C:\WINDOWS\System32\OLEAUT32.dll
0x00007ffaf3550000 - 0x00007ffaf3589000 	C:\WINDOWS\SYSTEM32\dbgcore.DLL
0x00007ffaf4850000 - 0x00007ffaf48e9000 	C:\WINDOWS\System32\bcryptPrimitives.dll
0x00007ffae2620000 - 0x00007ffae262f000 	c:\Users\laurent\.vscode\extensions\redhat.java-1.42.0-win32-x64\jre\21.0.7-win32-x86_64\bin\instrument.dll
0x00007ffae1af0000 - 0x00007ffae1b0f000 	c:\Users\laurent\.vscode\extensions\redhat.java-1.42.0-win32-x64\jre\21.0.7-win32-x86_64\bin\java.dll
0x00007ffaf5750000 - 0x00007ffaf5e92000 	C:\WINDOWS\System32\SHELL32.dll
0x00007ffaf48f0000 - 0x00007ffaf4a64000 	C:\WINDOWS\System32\wintypes.dll
0x00007ffaf10a0000 - 0x00007ffaf18f8000 	C:\WINDOWS\SYSTEM32\windows.storage.dll
0x00007ffaf65c0000 - 0x00007ffaf66b1000 	C:\WINDOWS\System32\SHCORE.dll
0x00007ffaf5150000 - 0x00007ffaf51ba000 	C:\WINDOWS\System32\shlwapi.dll
0x00007ffaf3dc0000 - 0x00007ffaf3def000 	C:\WINDOWS\SYSTEM32\profapi.dll
0x00007ffae0870000 - 0x00007ffae0888000 	c:\Users\laurent\.vscode\extensions\redhat.java-1.42.0-win32-x64\jre\21.0.7-win32-x86_64\bin\zip.dll
0x00007ffae1f20000 - 0x00007ffae1f30000 	C:\Users\laurent\.vscode\extensions\redhat.java-1.42.0-win32-x64\jre\21.0.7-win32-x86_64\bin\net.dll
0x00007ffae9150000 - 0x00007ffae926e000 	C:\WINDOWS\SYSTEM32\WINHTTP.dll
0x00007ffaf2a80000 - 0x00007ffaf2aea000 	C:\WINDOWS\system32\mswsock.dll
0x00007ffadfe30000 - 0x00007ffadfe46000 	C:\Users\laurent\.vscode\extensions\redhat.java-1.42.0-win32-x64\jre\21.0.7-win32-x86_64\bin\nio.dll
0x00007ffae1ae0000 - 0x00007ffae1af0000 	c:\Users\laurent\.vscode\extensions\redhat.java-1.42.0-win32-x64\jre\21.0.7-win32-x86_64\bin\verify.dll
0x00007ffad5050000 - 0x00007ffad5095000 	C:\Users\laurent\AppData\Roaming\Code\User\globalStorage\redhat.java\1.42.0\config_ss_win\org.eclipse.equinox.launcher\org.eclipse.equinox.launcher.win32.win32.x86_64_1.2.1300.v20250331-1702\eclipse_11911.dll
0x00007ffaf4f20000 - 0x00007ffaf50be000 	C:\WINDOWS\System32\ole32.dll
0x00007ffaf39d0000 - 0x00007ffaf39eb000 	C:\WINDOWS\SYSTEM32\CRYPTSP.dll
0x00007ffaf2310000 - 0x00007ffaf234a000 	C:\WINDOWS\system32\rsaenh.dll
0x00007ffaf2b20000 - 0x00007ffaf2b4b000 	C:\WINDOWS\SYSTEM32\USERENV.dll
0x00007ffaf3d90000 - 0x00007ffaf3db6000 	C:\WINDOWS\SYSTEM32\bcrypt.dll
0x00007ffaf2db0000 - 0x00007ffaf2dbc000 	C:\WINDOWS\SYSTEM32\CRYPTBASE.dll
0x00007ffaf1db0000 - 0x00007ffaf1de3000 	C:\WINDOWS\SYSTEM32\IPHLPAPI.DLL
0x00007ffaf6750000 - 0x00007ffaf675a000 	C:\WINDOWS\System32\NSI.dll
0x00007ffad4da0000 - 0x00007ffad4de9000 	C:\Users\laurent\AppData\Local\Temp\jna--45273895\jna1569128635310856021.dll
0x00007ffaf69a0000 - 0x00007ffaf69a8000 	C:\WINDOWS\System32\PSAPI.DLL

dbghelp: loaded successfully - version: 4.0.5 - missing functions: none
symbol engine: initialized successfully - sym options: 0x614 - pdb path: .;c:\Users\laurent\.vscode\extensions\redhat.java-1.42.0-win32-x64\jre\21.0.7-win32-x86_64\bin;C:\WINDOWS\SYSTEM32;C:\WINDOWS\WinSxS\amd64_microsoft.windows.common-controls_6595b64144ccf1df_6.0.26100.4202_none_3e0698d4e335f517;c:\Users\laurent\.vscode\extensions\redhat.java-1.42.0-win32-x64\jre\21.0.7-win32-x86_64\bin\server;C:\Users\laurent\AppData\Roaming\Code\User\globalStorage\redhat.java\1.42.0\config_ss_win\org.eclipse.equinox.launcher\org.eclipse.equinox.launcher.win32.win32.x86_64_1.2.1300.v20250331-1702;C:\Users\laurent\AppData\Local\Temp\jna--45273895

VM Arguments:
jvm_args: --add-modules=ALL-SYSTEM --add-opens=java.base/java.util=ALL-UNNAMED --add-opens=java.base/java.lang=ALL-UNNAMED --add-opens=java.base/sun.nio.fs=ALL-UNNAMED -Declipse.application=org.eclipse.jdt.ls.core.id1 -Dosgi.bundles.defaultStartLevel=4 -Declipse.product=org.eclipse.jdt.ls.core.product -Djava.import.generatesMetadataFilesAtProjectRoot=false -DDetectVMInstallationsJob.disabled=true -Dfile.encoding=utf8 -XX:+UseParallelGC -XX:GCTimeRatio=4 -XX:AdaptiveSizePolicyWeight=90 -Dsun.zip.disableMemoryMapping=true -Xmx1G -Xms100m -Xlog:disable -javaagent:c:\Users\laurent\.vscode\extensions\redhat.java-1.42.0-win32-x64\lombok\lombok-1.18.36.jar 
java_command: c:\Users\laurent\.vscode\extensions\redhat.java-1.42.0-win32-x64\server\plugins\org.eclipse.equinox.launcher_1.7.0.v20250424-1814.jar -configuration c:\Users\laurent\AppData\Roaming\Code\User\globalStorage\redhat.java\1.42.0\config_ss_win -data c:\Users\laurent\AppData\Roaming\Code\User\workspaceStorage\cb327218b10693f552c9df9e44091d5f\redhat.java\ss_ws --pipe=\\.\pipe\lsp-f64472ab816b55da1c800cb543537fc8-sock
java_class_path (initial): c:\Users\laurent\.vscode\extensions\redhat.java-1.42.0-win32-x64\server\plugins\org.eclipse.equinox.launcher_1.7.0.v20250424-1814.jar
Launcher Type: SUN_STANDARD

[Global flags]
    uintx AdaptiveSizePolicyWeight                 = 90                                        {product} {command line}
     intx CICompilerCount                          = 4                                         {product} {ergonomic}
    uintx GCTimeRatio                              = 4                                         {product} {command line}
   size_t InitialHeapSize                          = 104857600                                 {product} {command line}
   size_t MaxHeapSize                              = 1073741824                                {product} {command line}
   size_t MaxNewSize                               = 357564416                                 {product} {ergonomic}
   size_t MinHeapDeltaBytes                        = 524288                                    {product} {ergonomic}
   size_t MinHeapSize                              = 104857600                                 {product} {command line}
   size_t NewSize                                  = 34603008                                  {product} {ergonomic}
    uintx NonNMethodCodeHeapSize                   = 5839372                                {pd product} {ergonomic}
    uintx NonProfiledCodeHeapSize                  = 122909434                              {pd product} {ergonomic}
   size_t OldSize                                  = 70254592                                  {product} {ergonomic}
    uintx ProfiledCodeHeapSize                     = 122909434                              {pd product} {ergonomic}
    uintx ReservedCodeCacheSize                    = 251658240                              {pd product} {ergonomic}
     bool SegmentedCodeCache                       = true                                      {product} {ergonomic}
   size_t SoftMaxHeapSize                          = 1073741824                             {manageable} {ergonomic}
     bool UseCompressedOops                        = true                           {product lp64_product} {ergonomic}
     bool UseLargePagesIndividualAllocation        = false                                  {pd product} {ergonomic}
     bool UseParallelGC                            = true                                      {product} {command line}

Logging:
Log output configuration:
 #0: stdout all=off uptime,level,tags foldmultilines=false
 #1: stderr all=off uptime,level,tags foldmultilines=false

Environment Variables:
PATH=C:\Program Files\Common Files\Oracle\Java\javapath;C:\Program Files (x86)\VMware\VMware Workstation\bin\;C:\WINDOWS\system32;C:\WINDOWS;C:\WINDOWS\System32\Wbem;C:\WINDOWS\System32\WindowsPowerShell\v1.0\;C:\WINDOWS\System32\OpenSSH\;C:\Program Files\Git\cmd;C:\Program Files\MySQL\MySQL Server 8.0\bin;C:\msys64\ucrt64\bin;C:\MinGW\bin;C:\Program Files\CMake\bin;C:\msys64\ucrt64\x86_64-w64-mingw32\bin;C:\Program Files (x86)\maven-mvnd-1.0.2-windows-amd64\bin;C:\Program Files\Java\jdk-24\bin;C:\Users\laurent\AppData\Local\Programs\Python\Python313\Scripts\;C:\Users\laurent\AppData\Local\Programs\Python\Python313\;C:\Users\laurent\AppData\Local\Microsoft\WindowsApps;C:\Users\laurent\AppData\Local\Programs\Microsoft VS Code\bin;C:\Users\laurent\AppData\Local\GitHubDesktop\bin;C:\Program Files\MySQL\MySQL Server 8.0\bin;C:\Program Files (x86)\Dr. Memory\bin\;C:\msys64\mingw64\include\SFML;
USERNAME=laurent
OS=Windows_NT
PROCESSOR_IDENTIFIER=AMD64 Family 23 Model 24 Stepping 1, AuthenticAMD
TMP=C:\Users\laurent\AppData\Local\Temp
TEMP=C:\Users\laurent\AppData\Local\Temp




Periodic native trim disabled

---------------  S Y S T E M  ---------------

OS:
 Windows 11 , 64 bit Build 26100 (10.0.26100.4202)
OS uptime: 1 days 0:14 hours
Hyper-V role detected

CPU: total 8 (initial active 8) (8 cores per cpu, 2 threads per core) family 23 model 24 stepping 1 microcode 0x8108109, cx8, cmov, fxsr, ht, mmx, 3dnowpref, sse, sse2, sse3, ssse3, sse4a, sse4.1, sse4.2, popcnt, lzcnt, tsc, tscinvbit, avx, avx2, aes, clmul, bmi1, bmi2, adx, sha, fma, vzeroupper, clflush, clflushopt, hv, rdtscp, f16c
Processor Information for the first 8 processors :
  Max Mhz: 2100, Current Mhz: 2100, Mhz Limit: 2100

Memory: 4k page, system-wide physical 6090M (431M free)
TotalPageFile size 24522M (AvailPageFile size 5M)
current process WorkingSet (physical memory assigned to process): 135M, peak: 135M
current process commit charge ("private bytes"): 243M, peak: 243M

vm_info: OpenJDK 64-Bit Server VM (21.0.7+6-LTS) for windows-amd64 JRE (21.0.7+6-LTS), built on 2025-04-15T00:00:00Z by "admin" with MS VC++ 17.7 (VS2022)

END.
