#
# There is insufficient memory for the Java Runtime Environment to continue.
# Native memory allocation (malloc) failed to allocate 1048576 bytes. Error detail: AllocateHeap
# Possible reasons:
#   The system is out of physical RAM or swap space
#   This process is running with CompressedOops enabled, and the Java Heap may be blocking the growth of the native heap
# Possible solutions:
#   Reduce memory load on the system
#   Increase physical memory or swap space
#   Check if swap backing store is full
#   Decrease Java heap size (-Xmx/-Xms)
#   Decrease number of Java threads
#   Decrease Java thread stack sizes (-Xss)
#   Set larger code cache with -XX:ReservedCodeCacheSize=
#   JVM is running with Unscaled Compressed Oops mode in which the Java heap is
#     placed in the first 4GB address space. The Java Heap base address is the
#     maximum limit for the native heap growth. Please use -XX:HeapBaseMinAddress
#     to set the Java Heap base and to place the Java Heap above 4GB virtual address.
# This output file may be truncated or incomplete.
#
#  Out of Memory Error (allocation.cpp:44), pid=10276, tid=6848
#
# JRE version:  (21.0.7+6) (build )
# Java VM: OpenJDK 64-Bit Server VM (21.0.7+6-LTS, mixed mode, tiered, compressed oops, compressed class ptrs, parallel gc, windows-amd64)
# No core dump will be written. Minidumps are not enabled by default on client versions of Windows
#

---------------  S U M M A R Y ------------

Command Line: --add-modules=ALL-SYSTEM --add-opens=java.base/java.util=ALL-UNNAMED --add-opens=java.base/java.lang=ALL-UNNAMED --add-opens=java.base/sun.nio.fs=ALL-UNNAMED -Declipse.application=org.eclipse.jdt.ls.core.id1 -Dosgi.bundles.defaultStartLevel=4 -Declipse.product=org.eclipse.jdt.ls.core.product -Djava.import.generatesMetadataFilesAtProjectRoot=false -DDetectVMInstallationsJob.disabled=true -Dfile.encoding=utf8 -XX:+UseParallelGC -XX:GCTimeRatio=4 -XX:AdaptiveSizePolicyWeight=90 -Dsun.zip.disableMemoryMapping=true -Xmx1G -Xms100m -Xlog:disable -javaagent:c:\Users\laurent\.vscode\extensions\redhat.java-1.42.0-win32-x64\lombok\lombok-1.18.36.jar -XX:+HeapDumpOnOutOfMemoryError -XX:HeapDumpPath=c:\Users\laurent\AppData\Roaming\Code\User\workspaceStorage\cb327218b10693f552c9df9e44091d5f\redhat.java -Daether.dependencyCollector.impl=bf c:\Users\laurent\.vscode\extensions\redhat.java-1.42.0-win32-x64\server\plugins\org.eclipse.equinox.launcher_1.7.0.v20250424-1814.jar -configuration c:\Users\laurent\AppData\Roaming\Code\User\globalStorage\redhat.java\1.42.0\config_win -data c:\Users\laurent\AppData\Roaming\Code\User\workspaceStorage\cb327218b10693f552c9df9e44091d5f\redhat.java\jdt_ws --pipe=\\.\pipe\lsp-7f3b4b8deb71d79ff5430f543f827151-sock

Host: AMD Ryzen 5 3500U with Radeon Vega Mobile Gfx  , 8 cores, 5G,  Windows 11 , 64 bit Build 26100 (10.0.26100.4202)
Time: Tue Jun 17 17:32:37 2025 Paris, Madrid (heure duild 26100 (10.0.26100.4202) elapsed time: 3.751010 seconds (0d 0h 0m 3s)

---------------  T H R E A D  ---------------

Current thread (0x00000259dded32f0):  JavaThread "Unknown thread" [_thread_in_vm, id=6848, stack(0x000000dfc2500000,0x000000dfc2600000) (1024K)]

Stack: [0x000000dfc2500000,0x000000dfc2600000]
Native frames: (J=compiled Java code, j=interpreted, Vv=VM code, C=native code)
V  [jvm.dll+0x6ce119]
V  [jvm.dll+0x8a84a1]
V  [jvm.dll+0x8aa9ce]
V  [jvm.dll+0x8ab0b3]
V  [jvm.dll+0x27f8a6]
V  [jvm.dll+0xbfba7]
V  [jvm.dll+0x702260]
V  [jvm.dll+0x702dcc]
V  [jvm.dll+0x6dcc63]
V  [jvm.dll+0x871dbc]
V  [jvm.dll+0x3bc47c]
V  [jvm.dll+0x85a848]
V  [jvm.dll+0x45080e]
V  [jvm.dll+0x452451]
C  [jli.dll+0x5278]
C  [ucrtbase.dll+0x37b0]
C  [KERNEL32.DLL+0x2e8d7]
C  [ntdll.dll+0x3c34c]


---------------  P R O C E S S  ---------------

Threads class SMR info:
_java_thread_list=0x00000259de07e1d0, length=1, elements={
0x00000259dded32f0
}

Java Threads: ( => current thread )
=>0x00000259dded32f0 JavaThread "Unknown thread"             [_thread_in_vm, id=6848, stack(0x000000dfc2500000,0x000000dfc2600000) (1024K)]
Total: 1

Other Threads:
  0x00000259800dca00 WatcherThread "VM Periodic Task Thread"        [id=9652, stack(0x000000dfc2700000,0x000000dfc2800000) (1024K)]
  0x00000259de07a510 WorkerThread "GC Thread#0"                     [id=23356, stack(0x000000dfc2600000,0x000000dfc2700000) (1024K)]
Total: 2

Threads with active compile tasks:
Total: 0

VM state: not at safepoint (normal execution)

VM Mutex/Monitor currently owned by a thread: None

Heap address: 0x00000000c0000000, size: 1024 MB, Compressed Oops mode: 32-bit

CDS archive(s) not mapped
Compressed class space mapped at: 0x0000000100000000-0x0000000140000000, reserved size: 1073741824
Narrow klass base: 0x0000000000000000, Narrow klass shift: 3, Narrow klass range: 0x140000000

GC Precious Log:
 CardTable entry size: 512
 CPUs: 8 total, 8 available
 Memory: 6090M
 Large Page Support: Disabled
 NUMA Support: Disabled
 Compressed Oops: Enabled (32-bit)
 Alignments: Space 512K, Generation 512K, Heap 2M
 Heap Min Capacity: 100M
 Heap Initial Capacity: 100M
 Heap Max Capacity: 1G
 Pre-touch: Disabled
 Parallel Workers: 8

Heap:
 PSYoungGen      total 29696K, used 512K [0x00000000eab00000, 0x00000000ecc00000, 0x0000000100000000)
  eden space 25600K, 2% used [0x00000000eab00000,0x00000000eab80070,0x00000000ec400000)
  from space 4096K, 0% used [0x00000000ec800000,0x00000000ec800000,0x00000000ecc00000)
  to   space 4096K, 0% used [0x00000000ec400000,0x00000000ec400000,0x00000000ec800000)
 ParOldGen       total 68608K, used 0K [0x00000000c0000000, 0x00000000c4300000, 0x00000000eab00000)
  object space 68608K, 0% used [0x00000000c0000000,0x00000000c0000000,0x00000000c4300000)
 Metaspace       used 1392K, committed 1472K, reserved 1114112K
  class space    used 109K, committed 128K, reserved 1048576K

Card table byte_map: [0x00000259f1de0000,0x00000259f1ff0000] _byte_map_base: 0x00000259f17e0000

Marking Bits: (ParMarkBitMap*) 0x00007ffaa86d31f0
 Begin Bits: [0x00000259f2150000, 0x00000259f3150000)
 End Bits:   [0x00000259f3150000, 0x00000259f4150000)

Polling page: 0x00000259de110000

Metaspace:

Usage:
  Non-class:      1.25 MB used.
      Class:    109.62 KB used.
       Both:      1.36 MB used.

Virtual space:
  Non-class space:       64.00 MB reserved,       1.31 MB (  2%) committed,  1 nodes.
      Class space:        1.00 GB reserved,     128.00 KB ( <1%) committed,  1 nodes.
             Both:        1.06 GB reserved,       1.44 MB ( <1%) committed. 

Chunk freelists:
   Non-Class:  12.00 MB
       Class:  15.75 MB
        Both:  27.75 MB

MaxMetaspaceSize: unlimited
CompressedClassSpaceSize: 1.00 GB
Initial GC threshold: 21.00 MB
Current GC threshold: 17179869184.00 GB
CDS: off
 - commit_granule_bytes: 65536.
 - commit_granule_words: 8192.
 - virtual_space_node_default_size: 8388608.
 - enlarge_chunks_in_place: 1.
 - use_allocation_guard: 0.


Internal statistics:

num_allocs_failed_limit: 0.
num_arena_births: 2.
num_arena_deaths: 0.
num_vsnodes_births: 2.
num_vsnodes_deaths: 0.
num_space_committed: 23.
num_space_uncommitted: 0.
num_chunks_returned_to_freelist: 0.
num_chunks_taken_from_freelist: 3.
num_chunk_merges: 0.
num_chunk_splits: 2.
num_chunks_enlarged: 0.
num_inconsistent_stats: 0.

CodeHeap 'non-profiled nmethods': size=120000Kb used=0Kb max_used=0Kb free=120000Kb
 bounds [0x00000259ea6d0000, 0x00000259ea940000, 0x00000259f1c00000]
CodeHeap 'profiled nmethods': size=120000Kb used=0Kb max_used=0Kb free=120000Kb
 bounds [0x00000259e2c00000, 0x00000259e2e70000, 0x00000259ea130000]
CodeHeap 'non-nmethods': size=5760Kb used=194Kb max_used=342Kb free=5565Kb
 bounds [0x00000259ea130000, 0x00000259ea3a0000, 0x00000259ea6d0000]
 total_blobs=70 nmethods=0 adapters=48
 compilation: enabled
              stopped_count=0, restarted_count=0
 full_count=0

Compilation events (0 events):
No events

GC Heap History (0 events):
No events

Dll operation events (2 events):
Event: 0.024 Loaded shared library c:\Users\laurent\.vscode\extensions\redhat.java-1.42.0-win32-x64\jre\21.0.7-win32-x86_64\bin\java.dll
Event: 2.681 Loaded shared library c:\Users\laurent\.vscode\extensions\redhat.java-1.42.0-win32-x64\jre\21.0.7-win32-x86_64\bin\zip.dll

Deoptimization events (0 events):
No events

Classes loaded (20 events):
Event: 2.721 Loading class java/util/Iterator
Event: 2.721 Loading class java/util/Iterator done
Event: 2.721 Loading class java/lang/reflect/RecordComponent
Event: 2.722 Loading class java/lang/reflect/RecordComponent done
Event: 2.722 Loading class jdk/internal/vm/vector/VectorSupport
Event: 2.722 Loading class jdk/internal/vm/vector/VectorSupport done
Event: 2.722 Loading class jdk/internal/vm/vector/VectorSupport$VectorPayload
Event: 2.722 Loading class jdk/internal/vm/vector/VectorSupport$VectorPayload done
Event: 2.722 Loading class jdk/internal/vm/vector/VectorSupport$Vector
Event: 2.722 Loading class jdk/internal/vm/vector/VectorSupport$Vector done
Event: 2.722 Loading class jdk/internal/vm/vector/VectorSupport$VectorMask
Event: 2.722 Loading class jdk/internal/vm/vector/VectorSupport$VectorMask done
Event: 2.722 Loading class jdk/internal/vm/vector/VectorSupport$VectorShuffle
Event: 2.722 Loading class jdk/internal/vm/vector/VectorSupport$VectorShuffle done
Event: 2.722 Loading class jdk/internal/vm/FillerObject
Event: 2.722 Loading class jdk/internal/vm/FillerObject done
Event: 2.730 Loading class java/lang/NullPointerException
Event: 2.730 Loading class java/lang/NullPointerException done
Event: 2.730 Loading class java/lang/ArithmeticException
Event: 2.730 Loading class java/lang/ArithmeticException done

Classes unloaded (0 events):
No events

Classes redefined (0 events):
No events

Internal exceptions (0 events):
No events

ZGC Phase Switch (0 events):
No events

VM Operations (0 events):
No events

Memory protections (0 events):
No events

Nmethod flushes (0 events):
No events

Events (1 events):
Event: 2.678 Thread 0x00000259dded32f0 Thread added: 0x00000259dded32f0


Dynamic libraries:
0x00007ff7e0800000 - 0x00007ff7e080e000 	c:\Users\laurent\.vscode\extensions\redhat.java-1.42.0-win32-x64\jre\21.0.7-win32-x86_64\bin\java.exe
0x00007ffaf6d60000 - 0x00007ffaf6fc5000 	C:\WINDOWS\SYSTEM32\ntdll.dll
0x00007ffaf5630000 - 0x00007ffaf56f9000 	C:\WINDOWS\System32\KERNEL32.DLL
0x00007ffaf42e0000 - 0x00007ffaf46c8000 	C:\WINDOWS\System32\KERNELBASE.dll
0x00007ffaf0120000 - 0x00007ffaf01be000 	C:\WINDOWS\SYSTEM32\apphelp.dll
0x00007ffaf40b0000 - 0x00007ffaf41fb000 	C:\WINDOWS\System32\ucrtbase.dll
0x00007ffae1f70000 - 0x00007ffae1f88000 	c:\Users\laurent\.vscode\extensions\redhat.java-1.42.0-win32-x64\jre\21.0.7-win32-x86_64\bin\jli.dll
0x00007ffae1f30000 - 0x00007ffae1f4e000 	c:\Users\laurent\.vscode\extensions\redhat.java-1.42.0-win32-x64\jre\21.0.7-win32-x86_64\bin\VCRUNTIME140.dll
0x00007ffaf5350000 - 0x00007ffaf551a000 	C:\WINDOWS\System32\USER32.dll
0x00007ffaf4200000 - 0x00007ffaf4227000 	C:\WINDOWS\System32\win32u.dll
0x00007ffaf51c0000 - 0x00007ffaf51eb000 	C:\WINDOWS\System32\GDI32.dll
0x00007ffaf3eb0000 - 0x00007ffaf3fe7000 	C:\WINDOWS\System32\gdi32full.dll
0x00007ffaf4230000 - 0x00007ffaf42d3000 	C:\WINDOWS\System32\msvcp_win.dll
0x00007ffaf30b0000 - 0x00007ffaf334a000 	C:\WINDOWS\WinSxS\amd64_microsoft.windows.common-controls_6595b64144ccf1df_6.0.26100.4202_none_3e0698d4e335f517\COMCTL32.dll
0x00007ffaf6c70000 - 0x00007ffaf6d19000 	C:\WINDOWS\System32\msvcrt.dll
0x00007ffaf6760000 - 0x00007ffaf6790000 	C:\WINDOWS\System32\IMM32.DLL
0x00007ffae9910000 - 0x00007ffae991c000 	c:\Users\laurent\.vscode\extensions\redhat.java-1.42.0-win32-x64\jre\21.0.7-win32-x86_64\bin\vcruntime140_1.dll
0x00007ffadb5f0000 - 0x00007ffadb67d000 	c:\Users\laurent\.vscode\extensions\redhat.java-1.42.0-win32-x64\jre\21.0.7-win32-x86_64\bin\msvcp140.dll
0x00007ffaa7a20000 - 0x00007ffaa87b0000 	c:\Users\laurent\.vscode\extensions\redhat.java-1.42.0-win32-x64\jre\21.0.7-win32-x86_64\bin\server\jvm.dll
0x00007ffaf67a0000 - 0x00007ffaf6853000 	C:\WINDOWS\System32\ADVAPI32.dll
0x00007ffaf6510000 - 0x00007ffaf65b6000 	C:\WINDOWS\System32\sechost.dll
0x00007ffaf6880000 - 0x00007ffaf6995000 	C:\WINDOWS\System32\RPCRT4.dll
0x00007ffaf50d0000 - 0x00007ffaf5144000 	C:\WINDOWS\System32\WS2_32.dll
0x00007ffaf3d20000 - 0x00007ffaf3d7e000 	C:\WINDOWS\SYSTEM32\POWRPROF.dll
0x00007ffaec560000 - 0x00007ffaec595000 	C:\WINDOWS\SYSTEM32\WINMM.dll
0x00007ffaec5a0000 - 0x00007ffaec5ab000 	C:\WINDOWS\SYSTEM32\VERSION.dll
0x00007ffaf3ce0000 - 0x00007ffaf3cf4000 	C:\WINDOWS\SYSTEM32\UMPDC.dll
0x00007ffaf23d0000 - 0x00007ffaf23eb000 	C:\WINDOWS\SYSTEM32\kernel.appcore.dll
0x00007ffae83a0000 - 0x00007ffae83aa000 	c:\Users\laurent\.vscode\extensions\redhat.java-1.42.0-win32-x64\jre\21.0.7-win32-x86_64\bin\jimage.dll
0x00007ffaf3680000 - 0x00007ffaf38c1000 	C:\WINDOWS\SYSTEM32\DBGHELP.DLL
0x00007ffaf4b00000 - 0x00007ffaf4e85000 	C:\WINDOWS\System32\combase.dll
0x00007ffaf69b0000 - 0x00007ffaf6a91000 	C:\WINDOWS\System32\OLEAUT32.dll
0x00007ffaf3550000 - 0x00007ffaf3589000 	C:\WINDOWS\SYSTEM32\dbgcore.DLL
0x00007ffaf4850000 - 0x00007ffaf48e9000 	C:\WINDOWS\System32\bcryptPrimitives.dll
0x00007ffae2620000 - 0x00007ffae262f000 	c:\Users\laurent\.vscode\extensions\redhat.java-1.42.0-win32-x64\jre\21.0.7-win32-x86_64\bin\instrument.dll
0x00007ffae1af0000 - 0x00007ffae1b0f000 	c:\Users\laurent\.vscode\extensions\redhat.java-1.42.0-win32-x64\jre\21.0.7-win32-x86_64\bin\java.dll
0x00007ffae0870000 - 0x00007ffae0888000 	c:\Users\laurent\.vscode\extensions\redhat.java-1.42.0-win32-x64\jre\21.0.7-win32-x86_64\bin\zip.dll

dbghelp: loaded successfully - version: 4.0.5 - missing functions: none
symbol engine: initialized successfully - sym options: 0x614 - pdb path: .;c:\Users\laurent\.vscode\extensions\redhat.java-1.42.0-win32-x64\jre\21.0.7-win32-x86_64\bin;C:\WINDOWS\SYSTEM32;C:\WINDOWS\WinSxS\amd64_microsoft.windows.common-controls_6595b64144ccf1df_6.0.26100.4202_none_3e0698d4e335f517;c:\Users\laurent\.vscode\extensions\redhat.java-1.42.0-win32-x64\jre\21.0.7-win32-x86_64\bin\server

VM Arguments:
jvm_args: --add-modules=ALL-SYSTEM --add-opens=java.base/java.util=ALL-UNNAMED --add-opens=java.base/java.lang=ALL-UNNAMED --add-opens=java.base/sun.nio.fs=ALL-UNNAMED -Declipse.application=org.eclipse.jdt.ls.core.id1 -Dosgi.bundles.defaultStartLevel=4 -Declipse.product=org.eclipse.jdt.ls.core.product -Djava.import.generatesMetadataFilesAtProjectRoot=false -DDetectVMInstallationsJob.disabled=true -Dfile.encoding=utf8 -XX:+UseParallelGC -XX:GCTimeRatio=4 -XX:AdaptiveSizePolicyWeight=90 -Dsun.zip.disableMemoryMapping=true -Xmx1G -Xms100m -Xlog:disable -javaagent:c:\Users\laurent\.vscode\extensions\redhat.java-1.42.0-win32-x64\lombok\lombok-1.18.36.jar -XX:+HeapDumpOnOutOfMemoryError -XX:HeapDumpPath=c:\Users\laurent\AppData\Roaming\Code\User\workspaceStorage\cb327218b10693f552c9df9e44091d5f\redhat.java -Daether.dependencyCollector.impl=bf 
java_command: c:\Users\laurent\.vscode\extensions\redhat.java-1.42.0-win32-x64\server\plugins\org.eclipse.equinox.launcher_1.7.0.v20250424-1814.jar -configuration c:\Users\laurent\AppData\Roaming\Code\User\globalStorage\redhat.java\1.42.0\config_win -data c:\Users\laurent\AppData\Roaming\Code\User\workspaceStorage\cb327218b10693f552c9df9e44091d5f\redhat.java\jdt_ws --pipe=\\.\pipe\lsp-7f3b4b8deb71d79ff5430f543f827151-sock
java_class_path (initial): c:\Users\laurent\.vscode\extensions\redhat.java-1.42.0-win32-x64\server\plugins\org.eclipse.equinox.launcher_1.7.0.v20250424-1814.jar
Launcher Type: SUN_STANDARD

[Global flags]
    uintx AdaptiveSizePolicyWeight                 = 90                                        {product} {command line}
     intx CICompilerCount                          = 4                                         {product} {ergonomic}
    uintx GCTimeRatio                              = 4                                         {product} {command line}
     bool HeapDumpOnOutOfMemoryError               = true                                   {manageable} {command line}
    ccstr HeapDumpPath                             = c:\Users\laurent\AppData\Roaming\Code\User\workspaceStorage\cb327218b10693f552c9df9e44091d5f\redhat.java         {manageable} {command line}
   size_t InitialHeapSize                          = 104857600                                 {product} {command line}
   size_t MaxHeapSize                              = 1073741824                                {product} {command line}
   size_t MaxNewSize                               = 357564416                                 {product} {ergonomic}
   size_t MinHeapDeltaBytes                        = 524288                                    {product} {ergonomic}
   size_t MinHeapSize                              = 104857600                                 {product} {command line}
   size_t NewSize                                  = 34603008                                  {product} {ergonomic}
    uintx NonNMethodCodeHeapSize                   = 5839372                                {pd product} {ergonomic}
    uintx NonProfiledCodeHeapSize                  = 122909434                              {pd product} {ergonomic}
   size_t OldSize                                  = 70254592                                  {product} {ergonomic}
    uintx ProfiledCodeHeapSize                     = 122909434                              {pd product} {ergonomic}
    uintx ReservedCodeCacheSize                    = 251658240                              {pd product} {ergonomic}
     bool SegmentedCodeCache                       = true                                      {product} {ergonomic}
   size_t SoftMaxHeapSize                          = 1073741824                             {manageable} {ergonomic}
     bool UseCompressedOops                        = true                           {product lp64_product} {ergonomic}
     bool UseLargePagesIndividualAllocation        = false                                  {pd product} {ergonomic}
     bool UseParallelGC                            = true                                      {product} {command line}

Logging:
Log output configuration:
 #0: stdout all=off uptime,level,tags foldmultilines=false
 #1: stderr all=off uptime,level,tags foldmultilines=false

Environment Variables:
PATH=C:\Program Files\Common Files\Oracle\Java\javapath;C:\Program Files (x86)\VMware\VMware Workstation\bin\;C:\WINDOWS\system32;C:\WINDOWS;C:\WINDOWS\System32\Wbem;C:\WINDOWS\System32\WindowsPowerShell\v1.0\;C:\WINDOWS\System32\OpenSSH\;C:\Program Files\Git\cmd;C:\Program Files\MySQL\MySQL Server 8.0\bin;C:\msys64\ucrt64\bin;C:\MinGW\bin;C:\Program Files\CMake\bin;C:\msys64\ucrt64\x86_64-w64-mingw32\bin;C:\Program Files (x86)\maven-mvnd-1.0.2-windows-amd64\bin;C:\Program Files\Java\jdk-24\bin;C:\Users\laurent\AppData\Local\Programs\Python\Python313\Scripts\;C:\Users\laurent\AppData\Local\Programs\Python\Python313\;C:\Users\laurent\AppData\Local\Microsoft\WindowsApps;C:\Users\laurent\AppData\Local\Programs\Microsoft VS Code\bin;C:\Users\laurent\AppData\Local\GitHubDesktop\bin;C:\Program Files\MySQL\MySQL Server 8.0\bin;C:\Program Files (x86)\Dr. Memory\bin\;C:\msys64\mingw64\include\SFML;
USERNAME=laurent
OS=Windows_NT
PROCESSOR_IDENTIFIER=AMD64 Family 23 Model 24 Stepping 1, AuthenticAMD
TMP=C:\Users\laurent\AppData\Local\Temp
TEMP=C:\Users\laurent\AppData\Local\Temp




Periodic native trim disabled

---------------  S Y S T E M  ---------------

OS:
 Windows 11 , 64 bit Build 26100 (10.0.26100.4202)
OS uptime: 1 days 0:14 hours
Hyper-V role detected

CPU: total 8 (initial active 8) (8 cores per cpu, 2 threads per core) family 23 model 24 stepping 1 microcode 0x8108109, cx8, cmov, fxsr, ht, mmx, 3dnowpref, sse, sse2, sse3, ssse3, sse4a, sse4.1, sse4.2, popcnt, lzcnt, tsc, tscinvbit, avx, avx2, aes, clmul, bmi1, bmi2, adx, sha, fma, vzeroupper, clflush, clflushopt, hv, rdtscp, f16c
Processor Information for the first 8 processors :
  Max Mhz: 2100, Current Mhz: 2100, Mhz Limit: 2100

Memory: 4k page, system-wide physical 6090M (387M free)
TotalPageFile size 24522M (AvailPageFile size 14M)
current process WorkingSet (physical memory assigned to process): 19M, peak: 19M
current process commit charge ("private bytes"): 158M, peak: 159M

vm_info: OpenJDK 64-Bit Server VM (21.0.7+6-LTS) for windows-amd64 JRE (21.0.7+6-LTS), built on 2025-04-15T00:00:00Z by "admin" with MS VC++ 17.7 (VS2022)

END.
