#
# There is insufficient memory for the Java Runtime Environment to continue.
# Native memory allocation (mmap) failed to map 100663296 bytes. Error detail: G1 virtual space
# Possible reasons:
#   The system is out of physical RAM or swap space
#   This process is running with CompressedOops enabled, and the Java Heap may be blocking the growth of the native heap
# Possible solutions:
#   Reduce memory load on the system
#   Increase physical memory or swap space
#   Check if swap backing store is full
#   Decrease Java heap size (-Xmx/-Xms)
#   Decrease number of Java threads
#   Decrease Java thread stack sizes (-Xss)
#   Set larger code cache with -XX:ReservedCodeCacheSize=
#   JVM is running with Unscaled Compressed Oops mode in which the Java heap is
#     placed in the first 4GB address space. The Java Heap base address is the
#     maximum limit for the native heap growth. Please use -XX:HeapBaseMinAddress
#     to set the Java Heap base and to place the Java Heap above 4GB virtual address.
# This output file may be truncated or incomplete.
#
#  Out of Memory Error (os_windows.cpp:3564), pid=5548, tid=17120
#
# JRE version:  (24.0.1+9) (build )
# Java VM: Java HotSpot(TM) 64-Bit Server VM (24.0.1+9-30, mixed mode, sharing, tiered, compressed oops, compressed class ptrs, g1 gc, windows-amd64)
# No core dump will be written. Minidumps are not enabled by default on client versions of Windows
#

---------------  S U M M A R Y ------------

Command Line: job01

Host: AMD Ryzen 5 3500U with Radeon Vega Mobile Gfx  , 8 cores, 5G,  Windows 11 , 64 bit Build 26100 (10.0.26100.4202)
Time: Tue Jun 17 17:32:57 2025 Paris, Madrid (heure duild 26100 (10.0.26100.4202) elapsed time: 2.139571 seconds (0d 0h 0m 2s)

---------------  T H R E A D  ---------------

Current thread (0x000001e9b7aeffe0):  JavaThread "Unknown thread" [_thread_in_vm, id=17120, stack(0x0000000a40400000,0x0000000a40500000) (1024K)]

Stack: [0x0000000a40400000,0x0000000a40500000]
Native frames: (J=compiled Java code, j=interpreted, Vv=VM code, C=native code)
V  [jvm.dll+0x730739]  (no source info available)
V  [jvm.dll+0x8d9b23]  (no source info available)
V  [jvm.dll+0x8dc00d]  (no source info available)
V  [jvm.dll+0x8dc683]  (no source info available)
V  [jvm.dll+0x2aa086]  (no source info available)
V  [jvm.dll+0x72cc65]  (no source info available)
V  [jvm.dll+0x72059a]  (no source info available)
V  [jvm.dll+0x390cea]  (no source info available)
V  [jvm.dll+0x3989f6]  (no source info available)
V  [jvm.dll+0x38523e]  (no source info available)
V  [jvm.dll+0x3854f8]  (no source info available)
V  [jvm.dll+0x35d0cc]  (no source info available)
V  [jvm.dll+0x35dd8d]  (no source info available)
V  [jvm.dll+0x89d28f]  (no source info available)
V  [jvm.dll+0x3f985d]  (no source info available)
V  [jvm.dll+0x8858e6]  (no source info available)
V  [jvm.dll+0x495f3e]  (no source info available)
V  [jvm.dll+0x497d11]  (no source info available)
C  [jli.dll+0x52a1]  (no source info available)
C  [ucrtbase.dll+0x37b0]  (no source info available)
C  [KERNEL32.DLL+0x2e8d7]  (no source info available)
C  [ntdll.dll+0x3c34c]  (no source info available)

Lock stack of current Java thread (top to bottom):


---------------  P R O C E S S  ---------------

Threads class SMR info:
_java_thread_list=0x00007ffaa773f318, length=0, elements={
}

Java Threads: ( => current thread )
Total: 0

Other Threads:
  0x000001e9b9f735e0 WorkerThread "GC Thread#0"                     [id=5248, stack(0x0000000a40500000,0x0000000a40600000) (1024K)]
  0x000001e9b9f84ae0 ConcurrentGCThread "G1 Main Marker"            [id=14540, stack(0x0000000a40600000,0x0000000a40700000) (1024K)]
  0x000001e9b9f855f0 WorkerThread "G1 Conc#0"                       [id=13756, stack(0x0000000a40700000,0x0000000a40800000) (1024K)]

[error occurred during error reporting (printing all threads), id 0xc0000005, EXCEPTION_ACCESS_VIOLATION (0xc0000005) at pc=0x00007ffaa6e714ea]
VM state: not at safepoint (not fully initialized)

VM Mutex/Monitor currently owned by a thread:  ([mutex/lock_event])
[0x00007ffaa77c45b0] Heap_lock - owner thread: 0x000001e9b7aeffe0

Heap address: 0x00000000a0c00000, size: 1524 MB, Compressed Oops mode: 32-bit

CDS archive(s) mapped at: [0x0000000000000000-0x0000000000000000-0x0000000000000000), size 0, SharedBaseAddress: 0x0000000800000000, ArchiveRelocationMode: 1.
UseCompressedClassPointers 1, UseCompactObjectHeaders 0
Narrow klass pointer bits 32, Max shift 3
Narrow klass base: 0xffffffffffffffff, Narrow klass shift: -1
Encoding Range: [0xffffffffffffffff - 0x000000007fffffff), (2147483648 bytes)
Klass Range:    [0x0000000000000000 - 0x0000000000000000), (0 bytes)
Klass ID Range:  [4294967295 - 0) (1)

GC Precious Log:
 CardTable entry size: 512
 Card Set container configuration: InlinePtr #cards 5 size 8 Array Of Cards #cards 10 size 36 Howl #buckets 4 coarsen threshold 1843 Howl Bitmap #cards 512 size 80 coarsen threshold 460 Card regions per heap region 1 cards per card region 2048

Heap:
 garbage-first heap   total reserved 1560576K, committed 0K, used 0K [0x00000000a0c00000, 0x0000000100000000)
  region size 1024K, 0 young (0K), 0 survivors (0K)

[error occurred during error reporting (printing heap information), id 0xc0000005, EXCEPTION_ACCESS_VIOLATION (0xc0000005) at pc=0x00007ffaa728e3e9]
GC Heap History (0 events):
No events

Dll operation events (1 events):
Event: 0.069 Loaded shared library C:\Program Files\Java\jdk-24\bin\java.dll

Deoptimization events (0 events):
No events

Classes loaded (0 events):
No events

Classes unloaded (0 events):
No events

Classes redefined (0 events):
No events

Internal exceptions (0 events):
No events

VM Operations (0 events):
No events

Memory protections (0 events):
No events

Nmethod flushes (0 events):
No events

Events (0 events):
No events


Dynamic libraries:
0x00007ff762990000 - 0x00007ff7629a0000 	C:\Program Files\Java\jdk-24\bin\java.exe
0x00007ffaf6d60000 - 0x00007ffaf6fc5000 	C:\WINDOWS\SYSTEM32\ntdll.dll
0x00007ffaf5630000 - 0x00007ffaf56f9000 	C:\WINDOWS\System32\KERNEL32.DLL
0x00007ffaf42e0000 - 0x00007ffaf46c8000 	C:\WINDOWS\System32\KERNELBASE.dll
0x00007ffaf40b0000 - 0x00007ffaf41fb000 	C:\WINDOWS\System32\ucrtbase.dll
0x00007ffadebd0000 - 0x00007ffadebeb000 	C:\Program Files\Java\jdk-24\bin\VCRUNTIME140.dll
0x00007ffadb040000 - 0x00007ffadb056000 	C:\Program Files\Java\jdk-24\bin\jli.dll
0x00007ffaf5350000 - 0x00007ffaf551a000 	C:\WINDOWS\System32\USER32.dll
0x00007ffaf4200000 - 0x00007ffaf4227000 	C:\WINDOWS\System32\win32u.dll
0x00007ffaf30b0000 - 0x00007ffaf334a000 	C:\WINDOWS\WinSxS\amd64_microsoft.windows.common-controls_6595b64144ccf1df_6.0.26100.4202_none_3e0698d4e335f517\COMCTL32.dll
0x00007ffaf51c0000 - 0x00007ffaf51eb000 	C:\WINDOWS\System32\GDI32.dll
0x00007ffaf6c70000 - 0x00007ffaf6d19000 	C:\WINDOWS\System32\msvcrt.dll
0x00007ffaf3eb0000 - 0x00007ffaf3fe7000 	C:\WINDOWS\System32\gdi32full.dll
0x00007ffaf4230000 - 0x00007ffaf42d3000 	C:\WINDOWS\System32\msvcp_win.dll
0x00007ffaf6760000 - 0x00007ffaf6790000 	C:\WINDOWS\System32\IMM32.DLL
0x00007ffae0220000 - 0x00007ffae022c000 	C:\Program Files\Java\jdk-24\bin\vcruntime140_1.dll
0x00007ffacc540000 - 0x00007ffacc5ce000 	C:\Program Files\Java\jdk-24\bin\msvcp140.dll
0x00007ffaa6b00000 - 0x00007ffaa78a2000 	C:\Program Files\Java\jdk-24\bin\server\jvm.dll
0x00007ffaf67a0000 - 0x00007ffaf6853000 	C:\WINDOWS\System32\ADVAPI32.dll
0x00007ffaf6510000 - 0x00007ffaf65b6000 	C:\WINDOWS\System32\sechost.dll
0x00007ffaf6880000 - 0x00007ffaf6995000 	C:\WINDOWS\System32\RPCRT4.dll
0x00007ffaf50d0000 - 0x00007ffaf5144000 	C:\WINDOWS\System32\WS2_32.dll
0x00007ffaf3d20000 - 0x00007ffaf3d7e000 	C:\WINDOWS\SYSTEM32\POWRPROF.dll
0x00007ffaec5a0000 - 0x00007ffaec5ab000 	C:\WINDOWS\SYSTEM32\VERSION.dll
0x00007ffaec560000 - 0x00007ffaec595000 	C:\WINDOWS\SYSTEM32\WINMM.dll
0x00007ffaf3ce0000 - 0x00007ffaf3cf4000 	C:\WINDOWS\SYSTEM32\UMPDC.dll
0x00007ffaf23d0000 - 0x00007ffaf23eb000 	C:\WINDOWS\SYSTEM32\kernel.appcore.dll
0x00007ffadfe20000 - 0x00007ffadfe2a000 	C:\Program Files\Java\jdk-24\bin\jimage.dll
0x00007ffaf3680000 - 0x00007ffaf38c1000 	C:\WINDOWS\SYSTEM32\DBGHELP.DLL
0x00007ffaf4b00000 - 0x00007ffaf4e85000 	C:\WINDOWS\System32\combase.dll
0x00007ffaf69b0000 - 0x00007ffaf6a91000 	C:\WINDOWS\System32\OLEAUT32.dll
0x00007ffaf3550000 - 0x00007ffaf3589000 	C:\WINDOWS\SYSTEM32\dbgcore.DLL
0x00007ffaf4850000 - 0x00007ffaf48e9000 	C:\WINDOWS\System32\bcryptPrimitives.dll
0x00007ffad4cb0000 - 0x00007ffad4cce000 	C:\Program Files\Java\jdk-24\bin\java.dll
0x00007ffaf4f20000 - 0x00007ffaf50be000 	C:\WINDOWS\System32\ole32.dll
0x00007ffaf5750000 - 0x00007ffaf5e92000 	C:\WINDOWS\System32\SHELL32.dll
0x00007ffaf48f0000 - 0x00007ffaf4a64000 	C:\WINDOWS\System32\wintypes.dll

JVMTI agents: none

dbghelp: loaded successfully - version: 4.0.5 - missing functions: none
symbol engine: initialized successfully - sym options: 0x614 - pdb path: .;C:\Program Files\Java\jdk-24\bin;C:\WINDOWS\SYSTEM32;C:\WINDOWS\WinSxS\amd64_microsoft.windows.common-controls_6595b64144ccf1df_6.0.26100.4202_none_3e0698d4e335f517;C:\Program Files\Java\jdk-24\bin\server

VM Arguments:
java_command: job01
java_class_path (initial): .
Launcher Type: SUN_STANDARD

[Global flags]
     intx CICompilerCount                          = 4                                         {product} {ergonomic}
     uint ConcGCThreads                            = 2                                         {product} {ergonomic}
     uint G1ConcRefinementThreads                  = 8                                         {product} {ergonomic}
   size_t G1HeapRegionSize                         = 1048576                                   {product} {ergonomic}
   size_t InitialHeapSize                          = 100663296                                 {product} {ergonomic}
   size_t MarkStackSize                            = 4194304                                   {product} {ergonomic}
   size_t MarkStackSizeMax                         = 536870912                                 {product} {ergonomic}
   size_t MaxHeapSize                              = 1598029824                                {product} {ergonomic}
   size_t MinHeapDeltaBytes                        = 1048576                                   {product} {ergonomic}
   size_t MinHeapSize                              = 8388608                                   {product} {ergonomic}
    uintx NonNMethodCodeHeapSize                   = 5832704                                {pd product} {ergonomic}
    uintx NonProfiledCodeHeapSize                  = 122945536                              {pd product} {ergonomic}
    uintx ProfiledCodeHeapSize                     = 122880000                              {pd product} {ergonomic}
    uintx ReservedCodeCacheSize                    = 251658240                              {pd product} {ergonomic}
     bool SegmentedCodeCache                       = true                                      {product} {ergonomic}
   size_t SoftMaxHeapSize                          = 1598029824                             {manageable} {ergonomic}
     bool UseCompressedOops                        = true                           {product lp64_product} {ergonomic}
     bool UseG1GC                                  = true                                      {product} {ergonomic}
     bool UseLargePagesIndividualAllocation        = false                                  {pd product} {ergonomic}

Logging:
Log output configuration:
 #0: stdout all=warning uptime,level,tags foldmultilines=false
 #1: stderr all=off uptime,level,tags foldmultilines=false

Environment Variables:
PATH=C:\Program Files\Common Files\Oracle\Java\javapath;C:\Program Files (x86)\VMware\VMware Workstation\bin\;C:\WINDOWS\system32;C:\WINDOWS;C:\WINDOWS\System32\Wbem;C:\WINDOWS\System32\WindowsPowerShell\v1.0\;C:\WINDOWS\System32\OpenSSH\;C:\Program Files\Git\cmd;C:\Program Files\MySQL\MySQL Server 8.0\bin;C:\msys64\ucrt64\bin;C:\MinGW\bin;C:\Program Files\CMake\bin;C:\msys64\ucrt64\x86_64-w64-mingw32\bin;C:\Program Files (x86)\maven-mvnd-1.0.2-windows-amd64\bin;C:\Program Files\Java\jdk-24\bin;C:\Users\laurent\AppData\Local\Programs\Python\Python313\Scripts\;C:\Users\laurent\AppData\Local\Programs\Python\Python313\;C:\Users\laurent\AppData\Local\Microsoft\WindowsApps;C:\Users\laurent\AppData\Local\Programs\Microsoft VS Code\bin;C:\Users\laurent\AppData\Local\GitHubDesktop\bin;C:\Program Files\MySQL\MySQL Server 8.0\bin;C:\Program Files (x86)\Dr. Memory\bin\;C:\msys64\mingw64\include\SFML;
USERNAME=laurent
LANG=en_US.UTF-8
OS=Windows_NT
PROCESSOR_IDENTIFIER=AMD64 Family 23 Model 24 Stepping 1, AuthenticAMD
TMP=C:\Users\laurent\AppData\Local\Temp
TEMP=C:\Users\laurent\AppData\Local\Temp




Periodic native trim disabled

---------------  S Y S T E M  ---------------

OS:
 Windows 11 , 64 bit Build 26100 (10.0.26100.4202)
OS uptime: 1 days 0:14 hours
Hyper-V role detected

CPU: total 8 (initial active 8) (8 cores per cpu, 2 threads per core) family 23 model 24 stepping 1 microcode 0x8108109, cx8, cmov, fxsr, ht, mmx, 3dnowpref, sse, sse2, sse3, ssse3, sse4a, sse4.1, sse4.2, popcnt, lzcnt, tsc, tscinvbit, avx, avx2, aes, clmul, bmi1, bmi2, adx, sha, fma, vzeroupper, clflush, clflushopt, hv, rdtscp, f16c
Processor Information for the first 8 processors :
  Max Mhz: 2100, Current Mhz: 2100, Mhz Limit: 2100

Memory: 4k page, system-wide physical 6090M (437M free)
TotalPageFile size 24522M (AvailPageFile size 3M)
current process WorkingSet (physical memory assigned to process): 13M, peak: 13M
current process commit charge ("private bytes"): 60M, peak: 156M

vm_info: Java HotSpot(TM) 64-Bit Server VM (24.0.1+9-30) for windows-amd64 JRE (24.0.1+9-30), built on 2025-03-05T07:23:45Z with MS VC++ 17.6 (VS2022)

END.
